{"/Users/dancox/Projects/online-ink-editor/src/components/MenuBar.css": {"path":"/Users/dancox/Projects/online-ink-editor/src/components/MenuBar.css","statementMap":{},"fnMap":{},"branchMap":{},"s":{},"f":{},"b":{},"meta":{"lastBranch":0,"lastFunction":0,"lastStatement":0,"seen":{}}}
,"/Users/dancox/Projects/online-ink-editor/src/components/MenuBar.tsx": {"path":"/Users/dancox/Projects/online-ink-editor/src/components/MenuBar.tsx","statementMap":{"0":{"start":{"line":25,"column":13},"end":{"line":218,"column":null}},"1":{"start":{"line":39,"column":16},"end":{"line":39,"column":65}},"2":{"start":{"line":40,"column":22},"end":{"line":40,"column":null}},"3":{"start":{"line":42,"column":8},"end":{"line":42,"column":null}},"4":{"start":{"line":42,"column":39},"end":{"line":42,"column":null}},"5":{"start":{"line":43,"column":19},"end":{"line":48,"column":4}},"6":{"start":{"line":49,"column":8},"end":{"line":49,"column":46}},"7":{"start":{"line":51,"column":8},"end":{"line":57,"column":null}},"8":{"start":{"line":52,"column":4},"end":{"line":57,"column":null}},"9":{"start":{"line":60,"column":8},"end":{"line":61,"column":null}},"10":{"start":{"line":61,"column":4},"end":{"line":61,"column":null}},"11":{"start":{"line":64,"column":8},"end":{"line":66,"column":null}},"12":{"start":{"line":65,"column":4},"end":{"line":65,"column":null}},"13":{"start":{"line":66,"column":4},"end":{"line":66,"column":null}},"14":{"start":{"line":69,"column":2},"end":{"line":78,"column":null}},"15":{"start":{"line":70,"column":10},"end":{"line":72,"column":null}},"16":{"start":{"line":71,"column":6},"end":{"line":72,"column":null}},"17":{"start":{"line":72,"column":8},"end":{"line":72,"column":null}},"18":{"start":{"line":76,"column":4},"end":{"line":76,"column":null}},"19":{"start":{"line":77,"column":4},"end":{"line":77,"column":null}},"20":{"start":{"line":77,"column":17},"end":{"line":77,"column":78}},"21":{"start":{"line":80,"column":2},"end":{"line":218,"column":null}},"22":{"start":{"line":84,"column":25},"end":{"line":84,"column":43}},"23":{"start":{"line":89,"column":12},"end":{"line":94,"column":null}},"24":{"start":{"line":90,"column":14},"end":{"line":90,"column":null}},"25":{"start":{"line":91,"column":32},"end":{"line":91,"column":82}},"26":{"start":{"line":92,"column":15},"end":{"line":92,"column":null}},"27":{"start":{"line":93,"column":23},"end":{"line":94,"column":null}},"28":{"start":{"line":94,"column":14},"end":{"line":94,"column":null}},"29":{"start":{"line":102,"column":35},"end":{"line":102,"column":54}},"30":{"start":{"line":102,"column":90},"end":{"line":102,"column":124}},"31":{"start":{"line":106,"column":35},"end":{"line":106,"column":58}},"32":{"start":{"line":106,"column":94},"end":{"line":106,"column":128}},"33":{"start":{"line":110,"column":35},"end":{"line":110,"column":55}},"34":{"start":{"line":110,"column":91},"end":{"line":110,"column":125}},"35":{"start":{"line":114,"column":35},"end":{"line":114,"column":60}},"36":{"start":{"line":114,"column":96},"end":{"line":114,"column":130}},"37":{"start":{"line":115,"column":35},"end":{"line":115,"column":57}},"38":{"start":{"line":115,"column":93},"end":{"line":115,"column":127}},"39":{"start":{"line":125,"column":25},"end":{"line":125,"column":43}},"40":{"start":{"line":130,"column":12},"end":{"line":135,"column":null}},"41":{"start":{"line":131,"column":14},"end":{"line":131,"column":null}},"42":{"start":{"line":132,"column":32},"end":{"line":132,"column":82}},"43":{"start":{"line":133,"column":15},"end":{"line":133,"column":null}},"44":{"start":{"line":134,"column":23},"end":{"line":135,"column":null}},"45":{"start":{"line":135,"column":14},"end":{"line":135,"column":null}},"46":{"start":{"line":143,"column":35},"end":{"line":143,"column":55}},"47":{"start":{"line":143,"column":91},"end":{"line":143,"column":125}},"48":{"start":{"line":147,"column":35},"end":{"line":147,"column":56}},"49":{"start":{"line":147,"column":92},"end":{"line":147,"column":126}},"50":{"start":{"line":157,"column":25},"end":{"line":157,"column":44}},"51":{"start":{"line":162,"column":12},"end":{"line":167,"column":null}},"52":{"start":{"line":163,"column":14},"end":{"line":163,"column":null}},"53":{"start":{"line":164,"column":32},"end":{"line":164,"column":82}},"54":{"start":{"line":165,"column":15},"end":{"line":165,"column":null}},"55":{"start":{"line":166,"column":23},"end":{"line":167,"column":null}},"56":{"start":{"line":167,"column":14},"end":{"line":167,"column":null}},"57":{"start":{"line":175,"column":35},"end":{"line":175,"column":58}},"58":{"start":{"line":175,"column":94},"end":{"line":175,"column":128}},"59":{"start":{"line":179,"column":35},"end":{"line":179,"column":60}},"60":{"start":{"line":179,"column":96},"end":{"line":179,"column":130}},"61":{"start":{"line":189,"column":25},"end":{"line":189,"column":43}},"62":{"start":{"line":194,"column":12},"end":{"line":199,"column":null}},"63":{"start":{"line":195,"column":14},"end":{"line":195,"column":null}},"64":{"start":{"line":196,"column":32},"end":{"line":196,"column":82}},"65":{"start":{"line":197,"column":15},"end":{"line":197,"column":null}},"66":{"start":{"line":198,"column":23},"end":{"line":199,"column":null}},"67":{"start":{"line":199,"column":14},"end":{"line":199,"column":null}},"68":{"start":{"line":207,"column":35},"end":{"line":207,"column":57}},"69":{"start":{"line":207,"column":93},"end":{"line":207,"column":127}},"70":{"start":{"line":211,"column":35},"end":{"line":211,"column":58}},"71":{"start":{"line":211,"column":94},"end":{"line":211,"column":128}}},"fnMap":{"0":{"name":"(anonymous_0)","decl":{"start":{"line":25,"column":13},"end":{"line":25,"column":48}},"loc":{"start":{"line":37,"column":6},"end":{"line":218,"column":null}},"line":37},"1":{"name":"(anonymous_1)","decl":{"start":{"line":42,"column":8},"end":{"line":42,"column":23}},"loc":{"start":{"line":42,"column":39},"end":{"line":42,"column":null}},"line":42},"2":{"name":"(anonymous_2)","decl":{"start":{"line":51,"column":8},"end":{"line":51,"column":22}},"loc":{"start":{"line":51,"column":48},"end":{"line":57,"column":null}},"line":51},"3":{"name":"(anonymous_3)","decl":{"start":{"line":60,"column":8},"end":{"line":60,"column":27}},"loc":{"start":{"line":60,"column":27},"end":{"line":61,"column":null}},"line":60},"4":{"name":"(anonymous_4)","decl":{"start":{"line":64,"column":8},"end":{"line":64,"column":24}},"loc":{"start":{"line":64,"column":47},"end":{"line":66,"column":null}},"line":64},"5":{"name":"(anonymous_5)","decl":{"start":{"line":69,"column":8},"end":{"line":69,"column":24}},"loc":{"start":{"line":69,"column":24},"end":{"line":78,"column":7}},"line":69},"6":{"name":"(anonymous_6)","decl":{"start":{"line":70,"column":10},"end":{"line":70,"column":32}},"loc":{"start":{"line":70,"column":54},"end":{"line":72,"column":null}},"line":70},"7":{"name":"(anonymous_7)","decl":{"start":{"line":77,"column":4},"end":{"line":77,"column":17}},"loc":{"start":{"line":77,"column":17},"end":{"line":77,"column":78}},"line":77},"8":{"name":"(anonymous_8)","decl":{"start":{"line":84,"column":10},"end":{"line":84,"column":25}},"loc":{"start":{"line":84,"column":25},"end":{"line":84,"column":43}},"line":84},"9":{"name":"(anonymous_9)","decl":{"start":{"line":88,"column":10},"end":{"line":88,"column":22}},"loc":{"start":{"line":88,"column":28},"end":{"line":94,"column":null}},"line":88},"10":{"name":"(anonymous_10)","decl":{"start":{"line":102,"column":20},"end":{"line":102,"column":35}},"loc":{"start":{"line":102,"column":35},"end":{"line":102,"column":54}},"line":102},"11":{"name":"(anonymous_11)","decl":{"start":{"line":102,"column":72},"end":{"line":102,"column":84}},"loc":{"start":{"line":102,"column":90},"end":{"line":102,"column":124}},"line":102},"12":{"name":"(anonymous_12)","decl":{"start":{"line":106,"column":20},"end":{"line":106,"column":35}},"loc":{"start":{"line":106,"column":35},"end":{"line":106,"column":58}},"line":106},"13":{"name":"(anonymous_13)","decl":{"start":{"line":106,"column":76},"end":{"line":106,"column":88}},"loc":{"start":{"line":106,"column":94},"end":{"line":106,"column":128}},"line":106},"14":{"name":"(anonymous_14)","decl":{"start":{"line":110,"column":20},"end":{"line":110,"column":35}},"loc":{"start":{"line":110,"column":35},"end":{"line":110,"column":55}},"line":110},"15":{"name":"(anonymous_15)","decl":{"start":{"line":110,"column":73},"end":{"line":110,"column":85}},"loc":{"start":{"line":110,"column":91},"end":{"line":110,"column":125}},"line":110},"16":{"name":"(anonymous_16)","decl":{"start":{"line":114,"column":20},"end":{"line":114,"column":35}},"loc":{"start":{"line":114,"column":35},"end":{"line":114,"column":60}},"line":114},"17":{"name":"(anonymous_17)","decl":{"start":{"line":114,"column":78},"end":{"line":114,"column":90}},"loc":{"start":{"line":114,"column":96},"end":{"line":114,"column":130}},"line":114},"18":{"name":"(anonymous_18)","decl":{"start":{"line":115,"column":20},"end":{"line":115,"column":35}},"loc":{"start":{"line":115,"column":35},"end":{"line":115,"column":57}},"line":115},"19":{"name":"(anonymous_19)","decl":{"start":{"line":115,"column":75},"end":{"line":115,"column":87}},"loc":{"start":{"line":115,"column":93},"end":{"line":115,"column":127}},"line":115},"20":{"name":"(anonymous_20)","decl":{"start":{"line":125,"column":10},"end":{"line":125,"column":25}},"loc":{"start":{"line":125,"column":25},"end":{"line":125,"column":43}},"line":125},"21":{"name":"(anonymous_21)","decl":{"start":{"line":129,"column":10},"end":{"line":129,"column":22}},"loc":{"start":{"line":129,"column":28},"end":{"line":135,"column":null}},"line":129},"22":{"name":"(anonymous_22)","decl":{"start":{"line":143,"column":20},"end":{"line":143,"column":35}},"loc":{"start":{"line":143,"column":35},"end":{"line":143,"column":55}},"line":143},"23":{"name":"(anonymous_23)","decl":{"start":{"line":143,"column":73},"end":{"line":143,"column":85}},"loc":{"start":{"line":143,"column":91},"end":{"line":143,"column":125}},"line":143},"24":{"name":"(anonymous_24)","decl":{"start":{"line":147,"column":20},"end":{"line":147,"column":35}},"loc":{"start":{"line":147,"column":35},"end":{"line":147,"column":56}},"line":147},"25":{"name":"(anonymous_25)","decl":{"start":{"line":147,"column":74},"end":{"line":147,"column":86}},"loc":{"start":{"line":147,"column":92},"end":{"line":147,"column":126}},"line":147},"26":{"name":"(anonymous_26)","decl":{"start":{"line":157,"column":10},"end":{"line":157,"column":25}},"loc":{"start":{"line":157,"column":25},"end":{"line":157,"column":44}},"line":157},"27":{"name":"(anonymous_27)","decl":{"start":{"line":161,"column":10},"end":{"line":161,"column":22}},"loc":{"start":{"line":161,"column":28},"end":{"line":167,"column":null}},"line":161},"28":{"name":"(anonymous_28)","decl":{"start":{"line":175,"column":20},"end":{"line":175,"column":35}},"loc":{"start":{"line":175,"column":35},"end":{"line":175,"column":58}},"line":175},"29":{"name":"(anonymous_29)","decl":{"start":{"line":175,"column":76},"end":{"line":175,"column":88}},"loc":{"start":{"line":175,"column":94},"end":{"line":175,"column":128}},"line":175},"30":{"name":"(anonymous_30)","decl":{"start":{"line":179,"column":20},"end":{"line":179,"column":35}},"loc":{"start":{"line":179,"column":35},"end":{"line":179,"column":60}},"line":179},"31":{"name":"(anonymous_31)","decl":{"start":{"line":179,"column":78},"end":{"line":179,"column":90}},"loc":{"start":{"line":179,"column":96},"end":{"line":179,"column":130}},"line":179},"32":{"name":"(anonymous_32)","decl":{"start":{"line":189,"column":10},"end":{"line":189,"column":25}},"loc":{"start":{"line":189,"column":25},"end":{"line":189,"column":43}},"line":189},"33":{"name":"(anonymous_33)","decl":{"start":{"line":193,"column":10},"end":{"line":193,"column":22}},"loc":{"start":{"line":193,"column":28},"end":{"line":199,"column":null}},"line":193},"34":{"name":"(anonymous_34)","decl":{"start":{"line":207,"column":20},"end":{"line":207,"column":35}},"loc":{"start":{"line":207,"column":35},"end":{"line":207,"column":57}},"line":207},"35":{"name":"(anonymous_35)","decl":{"start":{"line":207,"column":75},"end":{"line":207,"column":87}},"loc":{"start":{"line":207,"column":93},"end":{"line":207,"column":127}},"line":207},"36":{"name":"(anonymous_36)","decl":{"start":{"line":211,"column":20},"end":{"line":211,"column":35}},"loc":{"start":{"line":211,"column":35},"end":{"line":211,"column":58}},"line":211},"37":{"name":"(anonymous_37)","decl":{"start":{"line":211,"column":76},"end":{"line":211,"column":88}},"loc":{"start":{"line":211,"column":94},"end":{"line":211,"column":128}},"line":211}},"branchMap":{"0":{"loc":{"start":{"line":40,"column":22},"end":{"line":40,"column":null}},"type":"cond-expr","locations":[{"start":{"line":40,"column":30},"end":{"line":40,"column":36}},{"start":{"line":40,"column":36},"end":{"line":40,"column":null}}],"line":40},"1":{"loc":{"start":{"line":53,"column":12},"end":{"line":53,"column":null}},"type":"cond-expr","locations":[{"start":{"line":53,"column":30},"end":{"line":53,"column":47}},{"start":{"line":53,"column":47},"end":{"line":53,"column":null}}],"line":53},"2":{"loc":{"start":{"line":54,"column":12},"end":{"line":54,"column":null}},"type":"cond-expr","locations":[{"start":{"line":54,"column":30},"end":{"line":54,"column":47}},{"start":{"line":54,"column":47},"end":{"line":54,"column":null}}],"line":54},"3":{"loc":{"start":{"line":55,"column":13},"end":{"line":55,"column":null}},"type":"cond-expr","locations":[{"start":{"line":55,"column":32},"end":{"line":55,"column":50}},{"start":{"line":55,"column":50},"end":{"line":55,"column":null}}],"line":55},"4":{"loc":{"start":{"line":56,"column":12},"end":{"line":56,"column":null}},"type":"cond-expr","locations":[{"start":{"line":56,"column":30},"end":{"line":56,"column":47}},{"start":{"line":56,"column":47},"end":{"line":56,"column":null}}],"line":56},"5":{"loc":{"start":{"line":71,"column":6},"end":{"line":72,"column":null}},"type":"if","locations":[{"start":{"line":71,"column":6},"end":{"line":72,"column":null}},{"start":{},"end":{}}],"line":71},"6":{"loc":{"start":{"line":71,"column":10},"end":{"line":71,"column":76}},"type":"binary-expr","locations":[{"start":{"line":71,"column":10},"end":{"line":71,"column":29}},{"start":{"line":71,"column":29},"end":{"line":71,"column":76}}],"line":71},"7":{"loc":{"start":{"line":89,"column":12},"end":{"line":94,"column":null}},"type":"if","locations":[{"start":{"line":89,"column":12},"end":{"line":94,"column":null}},{"start":{"line":93,"column":23},"end":{"line":94,"column":null}}],"line":89},"8":{"loc":{"start":{"line":89,"column":16},"end":{"line":89,"column":56}},"type":"binary-expr","locations":[{"start":{"line":89,"column":16},"end":{"line":89,"column":41}},{"start":{"line":89,"column":41},"end":{"line":89,"column":56}}],"line":89},"9":{"loc":{"start":{"line":93,"column":23},"end":{"line":94,"column":null}},"type":"if","locations":[{"start":{"line":93,"column":23},"end":{"line":94,"column":null}},{"start":{},"end":{}}],"line":93},"10":{"loc":{"start":{"line":100,"column":9},"end":{"line":119,"column":null}},"type":"binary-expr","locations":[{"start":{"line":100,"column":9},"end":{"line":100,"column":null}},{"start":{"line":101,"column":10},"end":{"line":119,"column":null}}],"line":100},"11":{"loc":{"start":{"line":102,"column":90},"end":{"line":102,"column":124}},"type":"binary-expr","locations":[{"start":{"line":102,"column":90},"end":{"line":102,"column":112}},{"start":{"line":102,"column":112},"end":{"line":102,"column":124}}],"line":102},"12":{"loc":{"start":{"line":106,"column":94},"end":{"line":106,"column":128}},"type":"binary-expr","locations":[{"start":{"line":106,"column":94},"end":{"line":106,"column":116}},{"start":{"line":106,"column":116},"end":{"line":106,"column":128}}],"line":106},"13":{"loc":{"start":{"line":110,"column":91},"end":{"line":110,"column":125}},"type":"binary-expr","locations":[{"start":{"line":110,"column":91},"end":{"line":110,"column":113}},{"start":{"line":110,"column":113},"end":{"line":110,"column":125}}],"line":110},"14":{"loc":{"start":{"line":114,"column":96},"end":{"line":114,"column":130}},"type":"binary-expr","locations":[{"start":{"line":114,"column":96},"end":{"line":114,"column":118}},{"start":{"line":114,"column":118},"end":{"line":114,"column":130}}],"line":114},"15":{"loc":{"start":{"line":115,"column":93},"end":{"line":115,"column":127}},"type":"binary-expr","locations":[{"start":{"line":115,"column":93},"end":{"line":115,"column":115}},{"start":{"line":115,"column":115},"end":{"line":115,"column":127}}],"line":115},"16":{"loc":{"start":{"line":130,"column":12},"end":{"line":135,"column":null}},"type":"if","locations":[{"start":{"line":130,"column":12},"end":{"line":135,"column":null}},{"start":{"line":134,"column":23},"end":{"line":135,"column":null}}],"line":130},"17":{"loc":{"start":{"line":130,"column":16},"end":{"line":130,"column":56}},"type":"binary-expr","locations":[{"start":{"line":130,"column":16},"end":{"line":130,"column":41}},{"start":{"line":130,"column":41},"end":{"line":130,"column":56}}],"line":130},"18":{"loc":{"start":{"line":134,"column":23},"end":{"line":135,"column":null}},"type":"if","locations":[{"start":{"line":134,"column":23},"end":{"line":135,"column":null}},{"start":{},"end":{}}],"line":134},"19":{"loc":{"start":{"line":141,"column":9},"end":{"line":151,"column":null}},"type":"binary-expr","locations":[{"start":{"line":141,"column":9},"end":{"line":141,"column":null}},{"start":{"line":142,"column":10},"end":{"line":151,"column":null}}],"line":141},"20":{"loc":{"start":{"line":143,"column":91},"end":{"line":143,"column":125}},"type":"binary-expr","locations":[{"start":{"line":143,"column":91},"end":{"line":143,"column":113}},{"start":{"line":143,"column":113},"end":{"line":143,"column":125}}],"line":143},"21":{"loc":{"start":{"line":147,"column":92},"end":{"line":147,"column":126}},"type":"binary-expr","locations":[{"start":{"line":147,"column":92},"end":{"line":147,"column":114}},{"start":{"line":147,"column":114},"end":{"line":147,"column":126}}],"line":147},"22":{"loc":{"start":{"line":162,"column":12},"end":{"line":167,"column":null}},"type":"if","locations":[{"start":{"line":162,"column":12},"end":{"line":167,"column":null}},{"start":{"line":166,"column":23},"end":{"line":167,"column":null}}],"line":162},"23":{"loc":{"start":{"line":162,"column":16},"end":{"line":162,"column":57}},"type":"binary-expr","locations":[{"start":{"line":162,"column":16},"end":{"line":162,"column":41}},{"start":{"line":162,"column":41},"end":{"line":162,"column":57}}],"line":162},"24":{"loc":{"start":{"line":166,"column":23},"end":{"line":167,"column":null}},"type":"if","locations":[{"start":{"line":166,"column":23},"end":{"line":167,"column":null}},{"start":{},"end":{}}],"line":166},"25":{"loc":{"start":{"line":173,"column":9},"end":{"line":183,"column":null}},"type":"binary-expr","locations":[{"start":{"line":173,"column":9},"end":{"line":173,"column":null}},{"start":{"line":174,"column":10},"end":{"line":183,"column":null}}],"line":173},"26":{"loc":{"start":{"line":175,"column":94},"end":{"line":175,"column":128}},"type":"binary-expr","locations":[{"start":{"line":175,"column":94},"end":{"line":175,"column":116}},{"start":{"line":175,"column":116},"end":{"line":175,"column":128}}],"line":175},"27":{"loc":{"start":{"line":179,"column":96},"end":{"line":179,"column":130}},"type":"binary-expr","locations":[{"start":{"line":179,"column":96},"end":{"line":179,"column":118}},{"start":{"line":179,"column":118},"end":{"line":179,"column":130}}],"line":179},"28":{"loc":{"start":{"line":194,"column":12},"end":{"line":199,"column":null}},"type":"if","locations":[{"start":{"line":194,"column":12},"end":{"line":199,"column":null}},{"start":{"line":198,"column":23},"end":{"line":199,"column":null}}],"line":194},"29":{"loc":{"start":{"line":194,"column":16},"end":{"line":194,"column":56}},"type":"binary-expr","locations":[{"start":{"line":194,"column":16},"end":{"line":194,"column":41}},{"start":{"line":194,"column":41},"end":{"line":194,"column":56}}],"line":194},"30":{"loc":{"start":{"line":198,"column":23},"end":{"line":199,"column":null}},"type":"if","locations":[{"start":{"line":198,"column":23},"end":{"line":199,"column":null}},{"start":{},"end":{}}],"line":198},"31":{"loc":{"start":{"line":205,"column":9},"end":{"line":215,"column":null}},"type":"binary-expr","locations":[{"start":{"line":205,"column":9},"end":{"line":205,"column":null}},{"start":{"line":206,"column":10},"end":{"line":215,"column":null}}],"line":205},"32":{"loc":{"start":{"line":207,"column":93},"end":{"line":207,"column":127}},"type":"binary-expr","locations":[{"start":{"line":207,"column":93},"end":{"line":207,"column":115}},{"start":{"line":207,"column":115},"end":{"line":207,"column":127}}],"line":207},"33":{"loc":{"start":{"line":211,"column":94},"end":{"line":211,"column":128}},"type":"binary-expr","locations":[{"start":{"line":211,"column":94},"end":{"line":211,"column":116}},{"start":{"line":211,"column":116},"end":{"line":211,"column":128}}],"line":211}},"s":{"0":1,"1":75,"2":75,"3":75,"4":80,"5":75,"6":75,"7":75,"8":29,"9":75,"10":17,"11":75,"12":12,"13":12,"14":75,"15":29,"16":38,"17":1,"18":29,"19":29,"20":29,"21":75,"22":13,"23":3,"24":1,"25":1,"26":1,"27":2,"28":1,"29":1,"30":0,"31":1,"32":0,"33":2,"34":0,"35":1,"36":0,"37":1,"38":0,"39":6,"40":3,"41":1,"42":1,"43":1,"44":2,"45":1,"46":1,"47":0,"48":1,"49":0,"50":5,"51":3,"52":1,"53":1,"54":1,"55":2,"56":1,"57":1,"58":0,"59":1,"60":0,"61":5,"62":3,"63":1,"64":1,"65":1,"66":2,"67":1,"68":1,"69":0,"70":1,"71":0},"f":{"0":75,"1":80,"2":29,"3":17,"4":12,"5":29,"6":38,"7":29,"8":13,"9":3,"10":1,"11":0,"12":1,"13":0,"14":2,"15":0,"16":1,"17":0,"18":1,"19":0,"20":6,"21":3,"22":1,"23":0,"24":1,"25":0,"26":5,"27":3,"28":1,"29":0,"30":1,"31":0,"32":5,"33":3,"34":1,"35":0,"36":1,"37":0},"b":{"0":[0,75],"1":[13,16],"2":[6,23],"3":[5,24],"4":[5,24],"5":[1,37],"6":[38,38],"7":[1,2],"8":[3,1],"9":[1,1],"10":[75,12],"11":[0,0],"12":[0,0],"13":[0,0],"14":[0,0],"15":[0,0],"16":[1,2],"17":[3,1],"18":[1,1],"19":[75,6],"20":[0,0],"21":[0,0],"22":[1,2],"23":[3,1],"24":[1,1],"25":[75,5],"26":[0,0],"27":[0,0],"28":[1,2],"29":[3,1],"30":[1,1],"31":[75,5],"32":[0,0],"33":[0,0]},"meta":{"lastBranch":34,"lastFunction":38,"lastStatement":72,"seen":{"s:25:13:218:Infinity":0,"f:25:13:25:48":0,"s:39:16:39:65":1,"s:40:22:40:Infinity":2,"b:40:30:40:36:40:36:40:Infinity":0,"s:42:8:42:Infinity":3,"f:42:8:42:23":1,"s:42:39:42:Infinity":4,"s:43:19:48:4":5,"s:49:8:49:46":6,"s:51:8:57:Infinity":7,"f:51:8:51:22":2,"s:52:4:57:Infinity":8,"b:53:30:53:47:53:47:53:Infinity":1,"b:54:30:54:47:54:47:54:Infinity":2,"b:55:32:55:50:55:50:55:Infinity":3,"b:56:30:56:47:56:47:56:Infinity":4,"s:60:8:61:Infinity":9,"f:60:8:60:27":3,"s:61:4:61:Infinity":10,"s:64:8:66:Infinity":11,"f:64:8:64:24":4,"s:65:4:65:Infinity":12,"s:66:4:66:Infinity":13,"s:69:2:78:Infinity":14,"f:69:8:69:24":5,"s:70:10:72:Infinity":15,"f:70:10:70:32":6,"b:71:6:72:Infinity:undefined:undefined:undefined:undefined":5,"s:71:6:72:Infinity":16,"b:71:10:71:29:71:29:71:76":6,"s:72:8:72:Infinity":17,"s:76:4:76:Infinity":18,"s:77:4:77:Infinity":19,"f:77:4:77:17":7,"s:77:17:77:78":20,"s:80:2:218:Infinity":21,"f:84:10:84:25":8,"s:84:25:84:43":22,"f:88:10:88:22":9,"b:89:12:94:Infinity:93:23:94:Infinity":7,"s:89:12:94:Infinity":23,"b:89:16:89:41:89:41:89:56":8,"s:90:14:90:Infinity":24,"s:91:32:91:82":25,"s:92:15:92:Infinity":26,"b:93:23:94:Infinity:undefined:undefined:undefined:undefined":9,"s:93:23:94:Infinity":27,"s:94:14:94:Infinity":28,"b:100:9:100:Infinity:101:10:119:Infinity":10,"f:102:20:102:35":10,"s:102:35:102:54":29,"f:102:72:102:84":11,"s:102:90:102:124":30,"b:102:90:102:112:102:112:102:124":11,"f:106:20:106:35":12,"s:106:35:106:58":31,"f:106:76:106:88":13,"s:106:94:106:128":32,"b:106:94:106:116:106:116:106:128":12,"f:110:20:110:35":14,"s:110:35:110:55":33,"f:110:73:110:85":15,"s:110:91:110:125":34,"b:110:91:110:113:110:113:110:125":13,"f:114:20:114:35":16,"s:114:35:114:60":35,"f:114:78:114:90":17,"s:114:96:114:130":36,"b:114:96:114:118:114:118:114:130":14,"f:115:20:115:35":18,"s:115:35:115:57":37,"f:115:75:115:87":19,"s:115:93:115:127":38,"b:115:93:115:115:115:115:115:127":15,"f:125:10:125:25":20,"s:125:25:125:43":39,"f:129:10:129:22":21,"b:130:12:135:Infinity:134:23:135:Infinity":16,"s:130:12:135:Infinity":40,"b:130:16:130:41:130:41:130:56":17,"s:131:14:131:Infinity":41,"s:132:32:132:82":42,"s:133:15:133:Infinity":43,"b:134:23:135:Infinity:undefined:undefined:undefined:undefined":18,"s:134:23:135:Infinity":44,"s:135:14:135:Infinity":45,"b:141:9:141:Infinity:142:10:151:Infinity":19,"f:143:20:143:35":22,"s:143:35:143:55":46,"f:143:73:143:85":23,"s:143:91:143:125":47,"b:143:91:143:113:143:113:143:125":20,"f:147:20:147:35":24,"s:147:35:147:56":48,"f:147:74:147:86":25,"s:147:92:147:126":49,"b:147:92:147:114:147:114:147:126":21,"f:157:10:157:25":26,"s:157:25:157:44":50,"f:161:10:161:22":27,"b:162:12:167:Infinity:166:23:167:Infinity":22,"s:162:12:167:Infinity":51,"b:162:16:162:41:162:41:162:57":23,"s:163:14:163:Infinity":52,"s:164:32:164:82":53,"s:165:15:165:Infinity":54,"b:166:23:167:Infinity:undefined:undefined:undefined:undefined":24,"s:166:23:167:Infinity":55,"s:167:14:167:Infinity":56,"b:173:9:173:Infinity:174:10:183:Infinity":25,"f:175:20:175:35":28,"s:175:35:175:58":57,"f:175:76:175:88":29,"s:175:94:175:128":58,"b:175:94:175:116:175:116:175:128":26,"f:179:20:179:35":30,"s:179:35:179:60":59,"f:179:78:179:90":31,"s:179:96:179:130":60,"b:179:96:179:118:179:118:179:130":27,"f:189:10:189:25":32,"s:189:25:189:43":61,"f:193:10:193:22":33,"b:194:12:199:Infinity:198:23:199:Infinity":28,"s:194:12:199:Infinity":62,"b:194:16:194:41:194:41:194:56":29,"s:195:14:195:Infinity":63,"s:196:32:196:82":64,"s:197:15:197:Infinity":65,"b:198:23:199:Infinity:undefined:undefined:undefined:undefined":30,"s:198:23:199:Infinity":66,"s:199:14:199:Infinity":67,"b:205:9:205:Infinity:206:10:215:Infinity":31,"f:207:20:207:35":34,"s:207:35:207:57":68,"f:207:75:207:87":35,"s:207:93:207:127":69,"b:207:93:207:115:207:115:207:127":32,"f:211:20:211:35":36,"s:211:35:211:58":70,"f:211:76:211:88":37,"s:211:94:211:128":71,"b:211:94:211:116:211:116:211:128":33}}}
,"/Users/dancox/Projects/online-ink-editor/src/components/StatsModal.css": {"path":"/Users/dancox/Projects/online-ink-editor/src/components/StatsModal.css","statementMap":{},"fnMap":{},"branchMap":{},"s":{},"f":{},"b":{},"meta":{"lastBranch":0,"lastFunction":0,"lastStatement":0,"seen":{}}}
,"/Users/dancox/Projects/online-ink-editor/src/components/StatsModal.tsx": {"path":"/Users/dancox/Projects/online-ink-editor/src/components/StatsModal.tsx","statementMap":{"0":{"start":{"line":11,"column":13},"end":{"line":142,"column":null}},"1":{"start":{"line":12,"column":19},"end":{"line":12,"column":53}},"2":{"start":{"line":13,"column":25},"end":{"line":13,"column":62}},"3":{"start":{"line":14,"column":29},"end":{"line":14,"column":67}},"4":{"start":{"line":16,"column":2},"end":{"line":57,"column":null}},"5":{"start":{"line":18,"column":4},"end":{"line":18,"column":null}},"6":{"start":{"line":21,"column":4},"end":{"line":21,"column":null}},"7":{"start":{"line":24,"column":10},"end":{"line":43,"column":null}},"8":{"start":{"line":25,"column":6},"end":{"line":27,"column":null}},"9":{"start":{"line":26,"column":8},"end":{"line":26,"column":null}},"10":{"start":{"line":27,"column":8},"end":{"line":27,"column":null}},"11":{"start":{"line":31,"column":6},"end":{"line":43,"column":null}},"12":{"start":{"line":32,"column":34},"end":{"line":33,"column":null}},"13":{"start":{"line":35,"column":29},"end":{"line":35,"column":null}},"14":{"start":{"line":36,"column":28},"end":{"line":36,"column":null}},"15":{"start":{"line":38,"column":8},"end":{"line":43,"column":null}},"16":{"start":{"line":39,"column":10},"end":{"line":39,"column":null}},"17":{"start":{"line":40,"column":10},"end":{"line":40,"column":null}},"18":{"start":{"line":41,"column":19},"end":{"line":43,"column":null}},"19":{"start":{"line":42,"column":10},"end":{"line":42,"column":null}},"20":{"start":{"line":43,"column":10},"end":{"line":43,"column":null}},"21":{"start":{"line":48,"column":4},"end":{"line":48,"column":null}},"22":{"start":{"line":50,"column":4},"end":{"line":54,"column":null}},"23":{"start":{"line":51,"column":6},"end":{"line":51,"column":null}},"24":{"start":{"line":53,"column":6},"end":{"line":54,"column":null}},"25":{"start":{"line":54,"column":8},"end":{"line":54,"column":null}},"26":{"start":{"line":59,"column":8},"end":{"line":61,"column":null}},"27":{"start":{"line":60,"column":4},"end":{"line":61,"column":null}},"28":{"start":{"line":61,"column":6},"end":{"line":61,"column":null}},"29":{"start":{"line":65,"column":2},"end":{"line":142,"column":null}},"30":{"start":{"line":69,"column":24},"end":{"line":69,"column":55}},"31":{"start":{"line":101,"column":18},"end":{"line":101,"column":null}},"32":{"start":{"line":110,"column":18},"end":{"line":110,"column":null}},"33":{"start":{"line":122,"column":18},"end":{"line":122,"column":null}},"34":{"start":{"line":132,"column":20},"end":{"line":134,"column":null}}},"fnMap":{"0":{"name":"(anonymous_0)","decl":{"start":{"line":11,"column":13},"end":{"line":11,"column":54}},"loc":{"start":{"line":11,"column":88},"end":{"line":142,"column":null}},"line":11},"1":{"name":"(anonymous_1)","decl":{"start":{"line":16,"column":8},"end":{"line":16,"column":24}},"loc":{"start":{"line":16,"column":24},"end":{"line":57,"column":6}},"line":16},"2":{"name":"(anonymous_2)","decl":{"start":{"line":24,"column":10},"end":{"line":24,"column":27}},"loc":{"start":{"line":24,"column":48},"end":{"line":43,"column":null}},"line":24},"3":{"name":"(anonymous_3)","decl":{"start":{"line":50,"column":4},"end":{"line":50,"column":17}},"loc":{"start":{"line":50,"column":17},"end":{"line":54,"column":null}},"line":50},"4":{"name":"(anonymous_4)","decl":{"start":{"line":59,"column":8},"end":{"line":59,"column":30}},"loc":{"start":{"line":59,"column":54},"end":{"line":61,"column":null}},"line":59},"5":{"name":"(anonymous_5)","decl":{"start":{"line":69,"column":6},"end":{"line":69,"column":18}},"loc":{"start":{"line":69,"column":24},"end":{"line":69,"column":55}},"line":69},"6":{"name":"(anonymous_6)","decl":{"start":{"line":100,"column":29},"end":{"line":100,"column":34}},"loc":{"start":{"line":101,"column":18},"end":{"line":101,"column":null}},"line":101},"7":{"name":"(anonymous_7)","decl":{"start":{"line":109,"column":32},"end":{"line":109,"column":37}},"loc":{"start":{"line":110,"column":18},"end":{"line":110,"column":null}},"line":110},"8":{"name":"(anonymous_8)","decl":{"start":{"line":121,"column":33},"end":{"line":121,"column":38}},"loc":{"start":{"line":122,"column":18},"end":{"line":122,"column":null}},"line":122},"9":{"name":"(anonymous_9)","decl":{"start":{"line":131,"column":45},"end":{"line":131,"column":50}},"loc":{"start":{"line":132,"column":20},"end":{"line":134,"column":null}},"line":132}},"branchMap":{"0":{"loc":{"start":{"line":25,"column":6},"end":{"line":27,"column":null}},"type":"if","locations":[{"start":{"line":25,"column":6},"end":{"line":27,"column":null}},{"start":{},"end":{}}],"line":25},"1":{"loc":{"start":{"line":31,"column":6},"end":{"line":43,"column":null}},"type":"if","locations":[{"start":{"line":31,"column":6},"end":{"line":43,"column":null}},{"start":{},"end":{}}],"line":31},"2":{"loc":{"start":{"line":31,"column":10},"end":{"line":31,"column":47}},"type":"binary-expr","locations":[{"start":{"line":31,"column":10},"end":{"line":31,"column":29}},{"start":{"line":31,"column":29},"end":{"line":31,"column":47}}],"line":31},"3":{"loc":{"start":{"line":38,"column":8},"end":{"line":43,"column":null}},"type":"if","locations":[{"start":{"line":38,"column":8},"end":{"line":43,"column":null}},{"start":{"line":41,"column":19},"end":{"line":43,"column":null}}],"line":38},"4":{"loc":{"start":{"line":38,"column":12},"end":{"line":38,"column":67}},"type":"binary-expr","locations":[{"start":{"line":38,"column":12},"end":{"line":38,"column":26}},{"start":{"line":38,"column":26},"end":{"line":38,"column":67}}],"line":38},"5":{"loc":{"start":{"line":41,"column":19},"end":{"line":43,"column":null}},"type":"if","locations":[{"start":{"line":41,"column":19},"end":{"line":43,"column":null}},{"start":{},"end":{}}],"line":41},"6":{"loc":{"start":{"line":41,"column":19},"end":{"line":41,"column":74}},"type":"binary-expr","locations":[{"start":{"line":41,"column":19},"end":{"line":41,"column":34}},{"start":{"line":41,"column":34},"end":{"line":41,"column":74}}],"line":41},"7":{"loc":{"start":{"line":53,"column":6},"end":{"line":54,"column":null}},"type":"if","locations":[{"start":{"line":53,"column":6},"end":{"line":54,"column":null}},{"start":{},"end":{}}],"line":53},"8":{"loc":{"start":{"line":60,"column":4},"end":{"line":61,"column":null}},"type":"if","locations":[{"start":{"line":60,"column":4},"end":{"line":61,"column":null}},{"start":{},"end":{}}],"line":60},"9":{"loc":{"start":{"line":69,"column":24},"end":{"line":69,"column":55}},"type":"binary-expr","locations":[{"start":{"line":69,"column":24},"end":{"line":69,"column":46}},{"start":{"line":69,"column":46},"end":{"line":69,"column":55}}],"line":69},"10":{"loc":{"start":{"line":98,"column":13},"end":{"line":103,"column":null}},"type":"binary-expr","locations":[{"start":{"line":98,"column":13},"end":{"line":98,"column":null}},{"start":{"line":99,"column":14},"end":{"line":103,"column":null}}],"line":98},"11":{"loc":{"start":{"line":107,"column":13},"end":{"line":110,"column":null}},"type":"binary-expr","locations":[{"start":{"line":107,"column":13},"end":{"line":107,"column":null}},{"start":{"line":108,"column":14},"end":{"line":110,"column":null}}],"line":107},"12":{"loc":{"start":{"line":119,"column":13},"end":{"line":124,"column":null}},"type":"binary-expr","locations":[{"start":{"line":119,"column":13},"end":{"line":119,"column":null}},{"start":{"line":120,"column":14},"end":{"line":124,"column":null}}],"line":119},"13":{"loc":{"start":{"line":127,"column":13},"end":{"line":136,"column":null}},"type":"binary-expr","locations":[{"start":{"line":127,"column":13},"end":{"line":127,"column":null}},{"start":{"line":128,"column":14},"end":{"line":136,"column":null}}],"line":127}},"s":{"0":1,"1":17,"2":17,"3":17,"4":17,"5":17,"6":17,"7":17,"8":4,"9":1,"10":1,"11":3,"12":3,"13":3,"14":3,"15":3,"16":1,"17":1,"18":2,"19":2,"20":2,"21":17,"22":17,"23":17,"24":17,"25":17,"26":17,"27":3,"28":1,"29":17,"30":2,"31":46,"32":61,"33":54,"34":40},"f":{"0":17,"1":17,"2":4,"3":17,"4":3,"5":2,"6":46,"7":61,"8":54,"9":40},"b":{"0":[1,3],"1":[3,0],"2":[3,3],"3":[1,2],"4":[3,1],"5":[2,0],"6":[2,2],"7":[17,0],"8":[1,2],"9":[2,1],"10":[17,13],"11":[17,13],"12":[17,14],"13":[17,14]},"meta":{"lastBranch":14,"lastFunction":10,"lastStatement":35,"seen":{"s:11:13:142:Infinity":0,"f:11:13:11:54":0,"s:12:19:12:53":1,"s:13:25:13:62":2,"s:14:29:14:67":3,"s:16:2:57:Infinity":4,"f:16:8:16:24":1,"s:18:4:18:Infinity":5,"s:21:4:21:Infinity":6,"s:24:10:43:Infinity":7,"f:24:10:24:27":2,"b:25:6:27:Infinity:undefined:undefined:undefined:undefined":0,"s:25:6:27:Infinity":8,"s:26:8:26:Infinity":9,"s:27:8:27:Infinity":10,"b:31:6:43:Infinity:undefined:undefined:undefined:undefined":1,"s:31:6:43:Infinity":11,"b:31:10:31:29:31:29:31:47":2,"s:32:34:33:Infinity":12,"s:35:29:35:Infinity":13,"s:36:28:36:Infinity":14,"b:38:8:43:Infinity:41:19:43:Infinity":3,"s:38:8:43:Infinity":15,"b:38:12:38:26:38:26:38:67":4,"s:39:10:39:Infinity":16,"s:40:10:40:Infinity":17,"b:41:19:43:Infinity:undefined:undefined:undefined:undefined":5,"s:41:19:43:Infinity":18,"b:41:19:41:34:41:34:41:74":6,"s:42:10:42:Infinity":19,"s:43:10:43:Infinity":20,"s:48:4:48:Infinity":21,"s:50:4:54:Infinity":22,"f:50:4:50:17":3,"s:51:6:51:Infinity":23,"b:53:6:54:Infinity:undefined:undefined:undefined:undefined":7,"s:53:6:54:Infinity":24,"s:54:8:54:Infinity":25,"s:59:8:61:Infinity":26,"f:59:8:59:30":4,"b:60:4:61:Infinity:undefined:undefined:undefined:undefined":8,"s:60:4:61:Infinity":27,"s:61:6:61:Infinity":28,"s:65:2:142:Infinity":29,"f:69:6:69:18":5,"s:69:24:69:55":30,"b:69:24:69:46:69:46:69:55":9,"b:98:13:98:Infinity:99:14:103:Infinity":10,"f:100:29:100:34":6,"s:101:18:101:Infinity":31,"b:107:13:107:Infinity:108:14:110:Infinity":11,"f:109:32:109:37":7,"s:110:18:110:Infinity":32,"b:119:13:119:Infinity:120:14:124:Infinity":12,"f:121:33:121:38":8,"s:122:18:122:Infinity":33,"b:127:13:127:Infinity:128:14:136:Infinity":13,"f:131:45:131:50":9,"s:132:20:134:Infinity":34}}}
,"/Users/dancox/Projects/online-ink-editor/src/components/StoryPane.css": {"path":"/Users/dancox/Projects/online-ink-editor/src/components/StoryPane.css","statementMap":{},"fnMap":{},"branchMap":{},"s":{},"f":{},"b":{},"meta":{"lastBranch":0,"lastFunction":0,"lastStatement":0,"seen":{}}}
,"/Users/dancox/Projects/online-ink-editor/src/components/StoryPane.tsx": {"path":"/Users/dancox/Projects/online-ink-editor/src/components/StoryPane.tsx","statementMap":{"0":{"start":{"line":14,"column":13},"end":{"line":72,"column":null}},"1":{"start":{"line":22,"column":2},"end":{"line":72,"column":null}},"2":{"start":{"line":39,"column":12},"end":{"line":41,"column":null}},"3":{"start":{"line":48,"column":14},"end":{"line":54,"column":null}},"4":{"start":{"line":50,"column":31},"end":{"line":50,"column":53}},"5":{"start":{"line":65,"column":14},"end":{"line":67,"column":null}}},"fnMap":{"0":{"name":"(anonymous_0)","decl":{"start":{"line":14,"column":13},"end":{"line":14,"column":52}},"loc":{"start":{"line":21,"column":6},"end":{"line":72,"column":null}},"line":21},"1":{"name":"(anonymous_1)","decl":{"start":{"line":38,"column":18},"end":{"line":38,"column":23}},"loc":{"start":{"line":39,"column":12},"end":{"line":41,"column":null}},"line":39},"2":{"name":"(anonymous_2)","decl":{"start":{"line":47,"column":21},"end":{"line":47,"column":26}},"loc":{"start":{"line":48,"column":14},"end":{"line":54,"column":null}},"line":48},"3":{"name":"(anonymous_3)","decl":{"start":{"line":50,"column":16},"end":{"line":50,"column":31}},"loc":{"start":{"line":50,"column":31},"end":{"line":50,"column":53}},"line":50},"4":{"name":"(anonymous_4)","decl":{"start":{"line":64,"column":20},"end":{"line":64,"column":25}},"loc":{"start":{"line":65,"column":14},"end":{"line":67,"column":null}},"line":65}},"branchMap":{"0":{"loc":{"start":{"line":33,"column":11},"end":{"line":36,"column":null}},"type":"binary-expr","locations":[{"start":{"line":33,"column":11},"end":{"line":33,"column":25}},{"start":{"line":33,"column":25},"end":{"line":33,"column":null}},{"start":{"line":34,"column":12},"end":{"line":36,"column":null}}],"line":33},"1":{"loc":{"start":{"line":45,"column":9},"end":{"line":56,"column":null}},"type":"binary-expr","locations":[{"start":{"line":45,"column":9},"end":{"line":45,"column":null}},{"start":{"line":46,"column":10},"end":{"line":56,"column":null}}],"line":45},"2":{"loc":{"start":{"line":60,"column":7},"end":{"line":69,"column":null}},"type":"binary-expr","locations":[{"start":{"line":60,"column":7},"end":{"line":60,"column":null}},{"start":{"line":61,"column":8},"end":{"line":69,"column":null}}],"line":60}},"s":{"0":1,"1":10,"2":9,"3":4,"4":1,"5":2},"f":{"0":10,"1":9,"2":4,"3":1,"4":2},"b":{"0":[10,3,3],"1":[10,2],"2":[10,1]},"meta":{"lastBranch":3,"lastFunction":5,"lastStatement":6,"seen":{"s:14:13:72:Infinity":0,"f:14:13:14:52":0,"s:22:2:72:Infinity":1,"b:33:11:33:25:33:25:33:Infinity:34:12:36:Infinity":0,"f:38:18:38:23":1,"s:39:12:41:Infinity":2,"b:45:9:45:Infinity:46:10:56:Infinity":1,"f:47:21:47:26":2,"s:48:14:54:Infinity":3,"f:50:16:50:31":3,"s:50:31:50:53":4,"b:60:7:60:Infinity:61:8:69:Infinity":2,"f:64:20:64:25":4,"s:65:14:67:Infinity":5}}}
,"/Users/dancox/Projects/online-ink-editor/src/components/TabBar.css": {"path":"/Users/dancox/Projects/online-ink-editor/src/components/TabBar.css","statementMap":{},"fnMap":{},"branchMap":{},"s":{},"f":{},"b":{},"meta":{"lastBranch":0,"lastFunction":0,"lastStatement":0,"seen":{}}}
,"/Users/dancox/Projects/online-ink-editor/src/components/TabBar.tsx": {"path":"/Users/dancox/Projects/online-ink-editor/src/components/TabBar.tsx","statementMap":{"0":{"start":{"line":15,"column":13},"end":{"line":131,"column":null}},"1":{"start":{"line":25,"column":24},"end":{"line":25,"column":73}},"2":{"start":{"line":26,"column":22},"end":{"line":26,"column":52}},"3":{"start":{"line":27,"column":8},"end":{"line":27,"column":49}},"4":{"start":{"line":29,"column":2},"end":{"line":34,"column":null}},"5":{"start":{"line":30,"column":4},"end":{"line":32,"column":null}},"6":{"start":{"line":31,"column":6},"end":{"line":31,"column":null}},"7":{"start":{"line":32,"column":6},"end":{"line":32,"column":null}},"8":{"start":{"line":36,"column":8},"end":{"line":44,"column":null}},"9":{"start":{"line":37,"column":4},"end":{"line":39,"column":null}},"10":{"start":{"line":39,"column":6},"end":{"line":39,"column":null}},"11":{"start":{"line":41,"column":4},"end":{"line":41,"column":null}},"12":{"start":{"line":42,"column":17},"end":{"line":42,"column":49}},"13":{"start":{"line":42,"column":33},"end":{"line":42,"column":49}},"14":{"start":{"line":43,"column":4},"end":{"line":43,"column":null}},"15":{"start":{"line":44,"column":4},"end":{"line":44,"column":null}},"16":{"start":{"line":47,"column":8},"end":{"line":51,"column":null}},"17":{"start":{"line":48,"column":4},"end":{"line":49,"column":null}},"18":{"start":{"line":48,"column":79},"end":{"line":48,"column":102}},"19":{"start":{"line":49,"column":6},"end":{"line":49,"column":null}},"20":{"start":{"line":51,"column":4},"end":{"line":51,"column":null}},"21":{"start":{"line":54,"column":8},"end":{"line":56,"column":null}},"22":{"start":{"line":55,"column":4},"end":{"line":55,"column":null}},"23":{"start":{"line":56,"column":4},"end":{"line":56,"column":null}},"24":{"start":{"line":59,"column":8},"end":{"line":65,"column":null}},"25":{"start":{"line":60,"column":4},"end":{"line":65,"column":null}},"26":{"start":{"line":61,"column":6},"end":{"line":61,"column":null}},"27":{"start":{"line":62,"column":6},"end":{"line":62,"column":null}},"28":{"start":{"line":63,"column":15},"end":{"line":65,"column":null}},"29":{"start":{"line":64,"column":6},"end":{"line":64,"column":null}},"30":{"start":{"line":65,"column":6},"end":{"line":65,"column":null}},"31":{"start":{"line":69,"column":8},"end":{"line":74,"column":null}},"32":{"start":{"line":70,"column":4},"end":{"line":74,"column":null}},"33":{"start":{"line":71,"column":6},"end":{"line":71,"column":null}},"34":{"start":{"line":72,"column":19},"end":{"line":72,"column":51}},"35":{"start":{"line":72,"column":35},"end":{"line":72,"column":51}},"36":{"start":{"line":73,"column":6},"end":{"line":74,"column":null}},"37":{"start":{"line":74,"column":8},"end":{"line":74,"column":null}},"38":{"start":{"line":79,"column":2},"end":{"line":131,"column":null}},"39":{"start":{"line":82,"column":8},"end":{"line":121,"column":null}},"40":{"start":{"line":87,"column":25},"end":{"line":87,"column":48}},"41":{"start":{"line":88,"column":32},"end":{"line":88,"column":61}},"42":{"start":{"line":99,"column":33},"end":{"line":99,"column":63}},"43":{"start":{"line":102,"column":32},"end":{"line":102,"column":51}},"44":{"start":{"line":113,"column":16},"end":{"line":113,"column":null}},"45":{"start":{"line":114,"column":16},"end":{"line":114,"column":null}}},"fnMap":{"0":{"name":"(anonymous_0)","decl":{"start":{"line":15,"column":13},"end":{"line":15,"column":46}},"loc":{"start":{"line":24,"column":6},"end":{"line":131,"column":null}},"line":24},"1":{"name":"(anonymous_1)","decl":{"start":{"line":29,"column":2},"end":{"line":29,"column":18}},"loc":{"start":{"line":29,"column":18},"end":{"line":34,"column":6}},"line":29},"2":{"name":"(anonymous_2)","decl":{"start":{"line":36,"column":8},"end":{"line":36,"column":26}},"loc":{"start":{"line":36,"column":45},"end":{"line":44,"column":null}},"line":36},"3":{"name":"(anonymous_3)","decl":{"start":{"line":42,"column":23},"end":{"line":42,"column":28}},"loc":{"start":{"line":42,"column":33},"end":{"line":42,"column":49}},"line":42},"4":{"name":"(anonymous_4)","decl":{"start":{"line":47,"column":8},"end":{"line":47,"column":35}},"loc":{"start":{"line":47,"column":35},"end":{"line":51,"column":null}},"line":47},"5":{"name":"(anonymous_5)","decl":{"start":{"line":48,"column":69},"end":{"line":48,"column":74}},"loc":{"start":{"line":48,"column":79},"end":{"line":48,"column":102}},"line":48},"6":{"name":"(anonymous_6)","decl":{"start":{"line":54,"column":8},"end":{"line":54,"column":35}},"loc":{"start":{"line":54,"column":35},"end":{"line":56,"column":null}},"line":54},"7":{"name":"(anonymous_7)","decl":{"start":{"line":59,"column":8},"end":{"line":59,"column":25}},"loc":{"start":{"line":59,"column":70},"end":{"line":65,"column":null}},"line":59},"8":{"name":"(anonymous_8)","decl":{"start":{"line":69,"column":8},"end":{"line":69,"column":29}},"loc":{"start":{"line":69,"column":69},"end":{"line":74,"column":null}},"line":69},"9":{"name":"(anonymous_9)","decl":{"start":{"line":72,"column":25},"end":{"line":72,"column":30}},"loc":{"start":{"line":72,"column":35},"end":{"line":72,"column":51}},"line":72},"10":{"name":"(anonymous_10)","decl":{"start":{"line":81,"column":13},"end":{"line":81,"column":18}},"loc":{"start":{"line":82,"column":8},"end":{"line":121,"column":null}},"line":82},"11":{"name":"(anonymous_11)","decl":{"start":{"line":87,"column":10},"end":{"line":87,"column":25}},"loc":{"start":{"line":87,"column":25},"end":{"line":87,"column":48}},"line":87},"12":{"name":"(anonymous_12)","decl":{"start":{"line":88,"column":10},"end":{"line":88,"column":26}},"loc":{"start":{"line":88,"column":32},"end":{"line":88,"column":61}},"line":88},"13":{"name":"(anonymous_13)","decl":{"start":{"line":99,"column":16},"end":{"line":99,"column":27}},"loc":{"start":{"line":99,"column":33},"end":{"line":99,"column":63}},"line":99},"14":{"name":"(anonymous_14)","decl":{"start":{"line":102,"column":16},"end":{"line":102,"column":26}},"loc":{"start":{"line":102,"column":32},"end":{"line":102,"column":51}},"line":102},"15":{"name":"(anonymous_15)","decl":{"start":{"line":112,"column":14},"end":{"line":112,"column":24}},"loc":{"start":{"line":112,"column":30},"end":{"line":114,"column":null}},"line":112}},"branchMap":{"0":{"loc":{"start":{"line":30,"column":4},"end":{"line":32,"column":null}},"type":"if","locations":[{"start":{"line":30,"column":4},"end":{"line":32,"column":null}},{"start":{},"end":{}}],"line":30},"1":{"loc":{"start":{"line":30,"column":8},"end":{"line":30,"column":43}},"type":"binary-expr","locations":[{"start":{"line":30,"column":8},"end":{"line":30,"column":25}},{"start":{"line":30,"column":25},"end":{"line":30,"column":43}}],"line":30},"2":{"loc":{"start":{"line":37,"column":4},"end":{"line":39,"column":null}},"type":"if","locations":[{"start":{"line":37,"column":4},"end":{"line":39,"column":null}},{"start":{},"end":{}}],"line":37},"3":{"loc":{"start":{"line":43,"column":19},"end":{"line":43,"column":36}},"type":"binary-expr","locations":[{"start":{"line":43,"column":19},"end":{"line":43,"column":33}},{"start":{"line":43,"column":33},"end":{"line":43,"column":36}}],"line":43},"4":{"loc":{"start":{"line":48,"column":4},"end":{"line":49,"column":null}},"type":"if","locations":[{"start":{"line":48,"column":4},"end":{"line":49,"column":null}},{"start":{},"end":{}}],"line":48},"5":{"loc":{"start":{"line":48,"column":8},"end":{"line":48,"column":110}},"type":"binary-expr","locations":[{"start":{"line":48,"column":8},"end":{"line":48,"column":25}},{"start":{"line":48,"column":25},"end":{"line":48,"column":43}},{"start":{"line":48,"column":47},"end":{"line":48,"column":110}}],"line":48},"6":{"loc":{"start":{"line":60,"column":4},"end":{"line":65,"column":null}},"type":"if","locations":[{"start":{"line":60,"column":4},"end":{"line":65,"column":null}},{"start":{"line":63,"column":15},"end":{"line":65,"column":null}}],"line":60},"7":{"loc":{"start":{"line":63,"column":15},"end":{"line":65,"column":null}},"type":"if","locations":[{"start":{"line":63,"column":15},"end":{"line":65,"column":null}},{"start":{},"end":{}}],"line":63},"8":{"loc":{"start":{"line":70,"column":4},"end":{"line":74,"column":null}},"type":"if","locations":[{"start":{"line":70,"column":4},"end":{"line":74,"column":null}},{"start":{},"end":{}}],"line":70},"9":{"loc":{"start":{"line":73,"column":6},"end":{"line":74,"column":null}},"type":"if","locations":[{"start":{"line":73,"column":6},"end":{"line":74,"column":null}},{"start":{},"end":{}}],"line":73},"10":{"loc":{"start":{"line":73,"column":10},"end":{"line":73,"column":77}},"type":"binary-expr","locations":[{"start":{"line":73,"column":10},"end":{"line":73,"column":18}},{"start":{"line":73,"column":18},"end":{"line":73,"column":77}}],"line":73},"11":{"loc":{"start":{"line":84,"column":28},"end":{"line":84,"column":69}},"type":"cond-expr","locations":[{"start":{"line":84,"column":55},"end":{"line":84,"column":66}},{"start":{"line":84,"column":66},"end":{"line":84,"column":69}}],"line":84},"12":{"loc":{"start":{"line":84,"column":72},"end":{"line":84,"column":null}},"type":"cond-expr","locations":[{"start":{"line":84,"column":97},"end":{"line":84,"column":111}},{"start":{"line":84,"column":111},"end":{"line":84,"column":null}}],"line":84},"13":{"loc":{"start":{"line":89,"column":17},"end":{"line":89,"column":null}},"type":"cond-expr","locations":[{"start":{"line":89,"column":42},"end":{"line":89,"column":83}},{"start":{"line":89,"column":83},"end":{"line":89,"column":null}}],"line":89},"14":{"loc":{"start":{"line":92,"column":13},"end":{"line":92,"column":null}},"type":"binary-expr","locations":[{"start":{"line":92,"column":13},"end":{"line":92,"column":39}},{"start":{"line":92,"column":39},"end":{"line":92,"column":null}}],"line":92},"15":{"loc":{"start":{"line":93,"column":13},"end":{"line":106,"column":null}},"type":"cond-expr","locations":[{"start":{"line":94,"column":14},"end":{"line":104,"column":null}},{"start":{"line":106,"column":14},"end":{"line":106,"column":null}}],"line":93},"16":{"loc":{"start":{"line":109,"column":11},"end":{"line":119,"column":null}},"type":"binary-expr","locations":[{"start":{"line":109,"column":11},"end":{"line":109,"column":null}},{"start":{"line":110,"column":12},"end":{"line":119,"column":null}}],"line":109}},"s":{"0":1,"1":69,"2":69,"3":69,"4":69,"5":32,"6":7,"7":7,"8":69,"9":7,"10":0,"11":7,"12":7,"13":8,"14":7,"15":7,"16":69,"17":4,"18":3,"19":2,"20":4,"21":69,"22":1,"23":1,"24":69,"25":35,"26":1,"27":1,"28":34,"29":1,"30":1,"31":69,"32":2,"33":2,"34":2,"35":4,"36":2,"37":1,"38":69,"39":137,"40":7,"41":2,"42":37,"43":3,"44":2,"45":2},"f":{"0":69,"1":32,"2":7,"3":8,"4":4,"5":3,"6":1,"7":35,"8":2,"9":4,"10":137,"11":7,"12":2,"13":37,"14":3,"15":2},"b":{"0":[7,25],"1":[32,7],"2":[0,7],"3":[7,0],"4":[2,2],"5":[4,4,3],"6":[1,34],"7":[1,33],"8":[2,0],"9":[1,1],"10":[2,2],"11":[69,68],"12":[69,68],"13":[69,68],"14":[137,69],"15":[44,93],"16":[137,136]},"meta":{"lastBranch":17,"lastFunction":16,"lastStatement":46,"seen":{"s:15:13:131:Infinity":0,"f:15:13:15:46":0,"s:25:24:25:73":1,"s:26:22:26:52":2,"s:27:8:27:49":3,"s:29:2:34:Infinity":4,"f:29:2:29:18":1,"b:30:4:32:Infinity:undefined:undefined:undefined:undefined":0,"s:30:4:32:Infinity":5,"b:30:8:30:25:30:25:30:43":1,"s:31:6:31:Infinity":6,"s:32:6:32:Infinity":7,"s:36:8:44:Infinity":8,"f:36:8:36:26":2,"b:37:4:39:Infinity:undefined:undefined:undefined:undefined":2,"s:37:4:39:Infinity":9,"s:39:6:39:Infinity":10,"s:41:4:41:Infinity":11,"s:42:17:42:49":12,"f:42:23:42:28":3,"s:42:33:42:49":13,"s:43:4:43:Infinity":14,"b:43:19:43:33:43:33:43:36":3,"s:44:4:44:Infinity":15,"s:47:8:51:Infinity":16,"f:47:8:47:35":4,"b:48:4:49:Infinity:undefined:undefined:undefined:undefined":4,"s:48:4:49:Infinity":17,"b:48:8:48:25:48:25:48:43:48:47:48:110":5,"f:48:69:48:74":5,"s:48:79:48:102":18,"s:49:6:49:Infinity":19,"s:51:4:51:Infinity":20,"s:54:8:56:Infinity":21,"f:54:8:54:35":6,"s:55:4:55:Infinity":22,"s:56:4:56:Infinity":23,"s:59:8:65:Infinity":24,"f:59:8:59:25":7,"b:60:4:65:Infinity:63:15:65:Infinity":6,"s:60:4:65:Infinity":25,"s:61:6:61:Infinity":26,"s:62:6:62:Infinity":27,"b:63:15:65:Infinity:undefined:undefined:undefined:undefined":7,"s:63:15:65:Infinity":28,"s:64:6:64:Infinity":29,"s:65:6:65:Infinity":30,"s:69:8:74:Infinity":31,"f:69:8:69:29":8,"b:70:4:74:Infinity:undefined:undefined:undefined:undefined":8,"s:70:4:74:Infinity":32,"s:71:6:71:Infinity":33,"s:72:19:72:51":34,"f:72:25:72:30":9,"s:72:35:72:51":35,"b:73:6:74:Infinity:undefined:undefined:undefined:undefined":9,"s:73:6:74:Infinity":36,"b:73:10:73:18:73:18:73:77":10,"s:74:8:74:Infinity":37,"s:79:2:131:Infinity":38,"f:81:13:81:18":10,"s:82:8:121:Infinity":39,"b:84:55:84:66:84:66:84:69":11,"b:84:97:84:111:84:111:84:Infinity":12,"f:87:10:87:25":11,"s:87:25:87:48":40,"f:88:10:88:26":12,"s:88:32:88:61":41,"b:89:42:89:83:89:83:89:Infinity":13,"b:92:13:92:39:92:39:92:Infinity":14,"b:94:14:104:Infinity:106:14:106:Infinity":15,"f:99:16:99:27":13,"s:99:33:99:63":42,"f:102:16:102:26":14,"s:102:32:102:51":43,"b:109:11:109:Infinity:110:12:119:Infinity":16,"f:112:14:112:24":15,"s:113:16:113:Infinity":44,"s:114:16:114:Infinity":45}}}
,"/Users/dancox/Projects/online-ink-editor/src/utils/includeResolver.ts": {"path":"/Users/dancox/Projects/online-ink-editor/src/utils/includeResolver.ts","statementMap":{"0":{"start":{"line":15,"column":18},"end":{"line":15,"column":62}},"1":{"start":{"line":15,"column":41},"end":{"line":15,"column":60}},"2":{"start":{"line":16,"column":19},"end":{"line":16,"column":55}},"3":{"start":{"line":16,"column":35},"end":{"line":16,"column":55}},"4":{"start":{"line":17,"column":27},"end":{"line":17,"column":29}},"5":{"start":{"line":19,"column":2},"end":{"line":20,"column":null}},"6":{"start":{"line":20,"column":4},"end":{"line":20,"column":null}},"7":{"start":{"line":23,"column":20},"end":{"line":23,"column":37}},"8":{"start":{"line":27,"column":4},"end":{"line":30,"column":null}},"9":{"start":{"line":28,"column":20},"end":{"line":28,"column":null}},"10":{"start":{"line":29,"column":6},"end":{"line":29,"column":null}},"11":{"start":{"line":30,"column":6},"end":{"line":30,"column":null}},"12":{"start":{"line":33,"column":4},"end":{"line":33,"column":null}},"13":{"start":{"line":36,"column":25},"end":{"line":36,"column":null}},"14":{"start":{"line":38,"column":4},"end":{"line":49,"column":null}},"15":{"start":{"line":39,"column":30},"end":{"line":39,"column":51}},"16":{"start":{"line":41,"column":6},"end":{"line":44,"column":null}},"17":{"start":{"line":42,"column":22},"end":{"line":42,"column":null}},"18":{"start":{"line":43,"column":8},"end":{"line":43,"column":null}},"19":{"start":{"line":44,"column":8},"end":{"line":44,"column":null}},"20":{"start":{"line":48,"column":6},"end":{"line":48,"column":null}},"21":{"start":{"line":52,"column":18},"end":{"line":52,"column":62}},"22":{"start":{"line":53,"column":2},"end":{"line":53,"column":null}}},"fnMap":{"0":{"name":"resolveIncludes","decl":{"start":{"line":14,"column":16},"end":{"line":14,"column":32}},"loc":{"start":{"line":14,"column":85},"end":{"line":53,"column":null}},"line":14},"1":{"name":"(anonymous_1)","decl":{"start":{"line":15,"column":32},"end":{"line":15,"column":36}},"loc":{"start":{"line":15,"column":41},"end":{"line":15,"column":60}},"line":15},"2":{"name":"(anonymous_2)","decl":{"start":{"line":16,"column":25},"end":{"line":16,"column":30}},"loc":{"start":{"line":16,"column":35},"end":{"line":16,"column":55}},"line":16},"3":{"name":"processFile","decl":{"start":{"line":25,"column":11},"end":{"line":25,"column":23}},"loc":{"start":{"line":25,"column":73},"end":{"line":49,"column":null}},"line":25},"4":{"name":"(anonymous_4)","decl":{"start":{"line":38,"column":27},"end":{"line":38,"column":42}},"loc":{"start":{"line":38,"column":63},"end":{"line":49,"column":null}},"line":38}},"branchMap":{"0":{"loc":{"start":{"line":19,"column":2},"end":{"line":20,"column":null}},"type":"if","locations":[{"start":{"line":19,"column":2},"end":{"line":20,"column":null}},{"start":{},"end":{}}],"line":19},"1":{"loc":{"start":{"line":27,"column":4},"end":{"line":30,"column":null}},"type":"if","locations":[{"start":{"line":27,"column":4},"end":{"line":30,"column":null}},{"start":{},"end":{}}],"line":27},"2":{"loc":{"start":{"line":41,"column":6},"end":{"line":44,"column":null}},"type":"if","locations":[{"start":{"line":41,"column":6},"end":{"line":44,"column":null}},{"start":{},"end":{}}],"line":41}},"s":{"0":9,"1":17,"2":9,"3":9,"4":9,"5":9,"6":1,"7":8,"8":17,"9":1,"10":1,"11":1,"12":16,"13":16,"14":16,"15":10,"16":10,"17":1,"18":1,"19":1,"20":9,"21":8,"22":8},"f":{"0":9,"1":17,"2":9,"3":17,"4":10},"b":{"0":[1,8],"1":[1,16],"2":[1,9]},"meta":{"lastBranch":3,"lastFunction":5,"lastStatement":23,"seen":{"f:14:16:14:32":0,"s:15:18:15:62":0,"f:15:32:15:36":1,"s:15:41:15:60":1,"s:16:19:16:55":2,"f:16:25:16:30":2,"s:16:35:16:55":3,"s:17:27:17:29":4,"b:19:2:20:Infinity:undefined:undefined:undefined:undefined":0,"s:19:2:20:Infinity":5,"s:20:4:20:Infinity":6,"s:23:20:23:37":7,"f:25:11:25:23":3,"b:27:4:30:Infinity:undefined:undefined:undefined:undefined":1,"s:27:4:30:Infinity":8,"s:28:20:28:Infinity":9,"s:29:6:29:Infinity":10,"s:30:6:30:Infinity":11,"s:33:4:33:Infinity":12,"s:36:25:36:Infinity":13,"s:38:4:49:Infinity":14,"f:38:27:38:42":4,"s:39:30:39:51":15,"b:41:6:44:Infinity:undefined:undefined:undefined:undefined":2,"s:41:6:44:Infinity":16,"s:42:22:42:Infinity":17,"s:43:8:43:Infinity":18,"s:44:8:44:Infinity":19,"s:48:6:48:Infinity":20,"s:52:18:52:62":21,"s:53:2:53:Infinity":22}}}
,"/Users/dancox/Projects/online-ink-editor/src/utils/inkLanguage.ts": {"path":"/Users/dancox/Projects/online-ink-editor/src/utils/inkLanguage.ts","statementMap":{"0":{"start":{"line":5,"column":60},"end":{"line":137,"column":null}},"1":{"start":{"line":7,"column":4},"end":{"line":7,"column":null}},"2":{"start":{"line":12,"column":4},"end":{"line":15,"column":null}},"3":{"start":{"line":13,"column":6},"end":{"line":13,"column":null}},"4":{"start":{"line":14,"column":6},"end":{"line":14,"column":null}},"5":{"start":{"line":15,"column":6},"end":{"line":15,"column":null}},"6":{"start":{"line":19,"column":4},"end":{"line":21,"column":null}},"7":{"start":{"line":20,"column":6},"end":{"line":20,"column":null}},"8":{"start":{"line":21,"column":6},"end":{"line":21,"column":null}},"9":{"start":{"line":25,"column":4},"end":{"line":26,"column":null}},"10":{"start":{"line":26,"column":6},"end":{"line":26,"column":null}},"11":{"start":{"line":28,"column":4},"end":{"line":29,"column":null}},"12":{"start":{"line":29,"column":6},"end":{"line":29,"column":null}},"13":{"start":{"line":31,"column":4},"end":{"line":32,"column":null}},"14":{"start":{"line":32,"column":6},"end":{"line":32,"column":null}},"15":{"start":{"line":36,"column":4},"end":{"line":37,"column":null}},"16":{"start":{"line":37,"column":6},"end":{"line":37,"column":null}},"17":{"start":{"line":44,"column":4},"end":{"line":45,"column":null}},"18":{"start":{"line":45,"column":6},"end":{"line":45,"column":null}},"19":{"start":{"line":49,"column":4},"end":{"line":50,"column":null}},"20":{"start":{"line":50,"column":6},"end":{"line":50,"column":null}},"21":{"start":{"line":54,"column":4},"end":{"line":55,"column":null}},"22":{"start":{"line":55,"column":6},"end":{"line":55,"column":null}},"23":{"start":{"line":59,"column":4},"end":{"line":60,"column":null}},"24":{"start":{"line":60,"column":6},"end":{"line":60,"column":null}},"25":{"start":{"line":64,"column":25},"end":{"line":64,"column":null}},"26":{"start":{"line":65,"column":4},"end":{"line":73,"column":null}},"27":{"start":{"line":67,"column":22},"end":{"line":67,"column":null}},"28":{"start":{"line":68,"column":23},"end":{"line":68,"column":null}},"29":{"start":{"line":69,"column":6},"end":{"line":73,"column":null}},"30":{"start":{"line":70,"column":8},"end":{"line":70,"column":null}},"31":{"start":{"line":73,"column":8},"end":{"line":73,"column":null}},"32":{"start":{"line":78,"column":4},"end":{"line":79,"column":null}},"33":{"start":{"line":79,"column":6},"end":{"line":79,"column":null}},"34":{"start":{"line":83,"column":4},"end":{"line":84,"column":null}},"35":{"start":{"line":84,"column":6},"end":{"line":84,"column":null}},"36":{"start":{"line":88,"column":4},"end":{"line":89,"column":null}},"37":{"start":{"line":89,"column":6},"end":{"line":89,"column":null}},"38":{"start":{"line":93,"column":4},"end":{"line":94,"column":null}},"39":{"start":{"line":94,"column":6},"end":{"line":94,"column":null}},"40":{"start":{"line":98,"column":4},"end":{"line":99,"column":null}},"41":{"start":{"line":99,"column":6},"end":{"line":99,"column":null}},"42":{"start":{"line":103,"column":4},"end":{"line":104,"column":null}},"43":{"start":{"line":104,"column":6},"end":{"line":104,"column":null}},"44":{"start":{"line":108,"column":4},"end":{"line":109,"column":null}},"45":{"start":{"line":109,"column":6},"end":{"line":109,"column":null}},"46":{"start":{"line":111,"column":4},"end":{"line":112,"column":null}},"47":{"start":{"line":112,"column":6},"end":{"line":112,"column":null}},"48":{"start":{"line":116,"column":4},"end":{"line":117,"column":null}},"49":{"start":{"line":117,"column":6},"end":{"line":117,"column":null}},"50":{"start":{"line":121,"column":4},"end":{"line":122,"column":null}},"51":{"start":{"line":122,"column":6},"end":{"line":122,"column":null}},"52":{"start":{"line":126,"column":4},"end":{"line":127,"column":null}},"53":{"start":{"line":127,"column":6},"end":{"line":127,"column":null}},"54":{"start":{"line":129,"column":4},"end":{"line":130,"column":null}},"55":{"start":{"line":130,"column":6},"end":{"line":130,"column":null}},"56":{"start":{"line":134,"column":4},"end":{"line":134,"column":null}},"57":{"start":{"line":135,"column":4},"end":{"line":135,"column":null}},"58":{"start":{"line":139,"column":13},"end":{"line":139,"column":57}},"59":{"start":{"line":139,"column":25},"end":{"line":139,"column":57}}},"fnMap":{"0":{"name":"(anonymous_0)","decl":{"start":{"line":6,"column":2},"end":{"line":6,"column":15}},"loc":{"start":{"line":6,"column":15},"end":{"line":7,"column":null}},"line":6},"1":{"name":"(anonymous_1)","decl":{"start":{"line":10,"column":2},"end":{"line":10,"column":8}},"loc":{"start":{"line":10,"column":23},"end":{"line":135,"column":null}},"line":10},"2":{"name":"(anonymous_2)","decl":{"start":{"line":139,"column":13},"end":{"line":139,"column":25}},"loc":{"start":{"line":139,"column":25},"end":{"line":139,"column":57}},"line":139}},"branchMap":{"0":{"loc":{"start":{"line":12,"column":4},"end":{"line":15,"column":null}},"type":"if","locations":[{"start":{"line":12,"column":4},"end":{"line":15,"column":null}},{"start":{},"end":{}}],"line":12},"1":{"loc":{"start":{"line":19,"column":4},"end":{"line":21,"column":null}},"type":"if","locations":[{"start":{"line":19,"column":4},"end":{"line":21,"column":null}},{"start":{},"end":{}}],"line":19},"2":{"loc":{"start":{"line":25,"column":4},"end":{"line":26,"column":null}},"type":"if","locations":[{"start":{"line":25,"column":4},"end":{"line":26,"column":null}},{"start":{},"end":{}}],"line":25},"3":{"loc":{"start":{"line":28,"column":4},"end":{"line":29,"column":null}},"type":"if","locations":[{"start":{"line":28,"column":4},"end":{"line":29,"column":null}},{"start":{},"end":{}}],"line":28},"4":{"loc":{"start":{"line":31,"column":4},"end":{"line":32,"column":null}},"type":"if","locations":[{"start":{"line":31,"column":4},"end":{"line":32,"column":null}},{"start":{},"end":{}}],"line":31},"5":{"loc":{"start":{"line":36,"column":4},"end":{"line":37,"column":null}},"type":"if","locations":[{"start":{"line":36,"column":4},"end":{"line":37,"column":null}},{"start":{},"end":{}}],"line":36},"6":{"loc":{"start":{"line":44,"column":4},"end":{"line":45,"column":null}},"type":"if","locations":[{"start":{"line":44,"column":4},"end":{"line":45,"column":null}},{"start":{},"end":{}}],"line":44},"7":{"loc":{"start":{"line":49,"column":4},"end":{"line":50,"column":null}},"type":"if","locations":[{"start":{"line":49,"column":4},"end":{"line":50,"column":null}},{"start":{},"end":{}}],"line":49},"8":{"loc":{"start":{"line":54,"column":4},"end":{"line":55,"column":null}},"type":"if","locations":[{"start":{"line":54,"column":4},"end":{"line":55,"column":null}},{"start":{},"end":{}}],"line":54},"9":{"loc":{"start":{"line":59,"column":4},"end":{"line":60,"column":null}},"type":"if","locations":[{"start":{"line":59,"column":4},"end":{"line":60,"column":null}},{"start":{},"end":{}}],"line":59},"10":{"loc":{"start":{"line":65,"column":4},"end":{"line":73,"column":null}},"type":"if","locations":[{"start":{"line":65,"column":4},"end":{"line":73,"column":null}},{"start":{},"end":{}}],"line":65},"11":{"loc":{"start":{"line":68,"column":23},"end":{"line":68,"column":null}},"type":"cond-expr","locations":[{"start":{"line":68,"column":38},"end":{"line":68,"column":67}},{"start":{"line":68,"column":70},"end":{"line":68,"column":null}}],"line":68},"12":{"loc":{"start":{"line":69,"column":6},"end":{"line":73,"column":null}},"type":"if","locations":[{"start":{"line":69,"column":6},"end":{"line":73,"column":null}},{"start":{"line":71,"column":13},"end":{"line":73,"column":null}}],"line":69},"13":{"loc":{"start":{"line":69,"column":10},"end":{"line":69,"column":43}},"type":"binary-expr","locations":[{"start":{"line":69,"column":10},"end":{"line":69,"column":23}},{"start":{"line":69,"column":23},"end":{"line":69,"column":43}}],"line":69},"14":{"loc":{"start":{"line":78,"column":4},"end":{"line":79,"column":null}},"type":"if","locations":[{"start":{"line":78,"column":4},"end":{"line":79,"column":null}},{"start":{},"end":{}}],"line":78},"15":{"loc":{"start":{"line":83,"column":4},"end":{"line":84,"column":null}},"type":"if","locations":[{"start":{"line":83,"column":4},"end":{"line":84,"column":null}},{"start":{},"end":{}}],"line":83},"16":{"loc":{"start":{"line":88,"column":4},"end":{"line":89,"column":null}},"type":"if","locations":[{"start":{"line":88,"column":4},"end":{"line":89,"column":null}},{"start":{},"end":{}}],"line":88},"17":{"loc":{"start":{"line":93,"column":4},"end":{"line":94,"column":null}},"type":"if","locations":[{"start":{"line":93,"column":4},"end":{"line":94,"column":null}},{"start":{},"end":{}}],"line":93},"18":{"loc":{"start":{"line":98,"column":4},"end":{"line":99,"column":null}},"type":"if","locations":[{"start":{"line":98,"column":4},"end":{"line":99,"column":null}},{"start":{},"end":{}}],"line":98},"19":{"loc":{"start":{"line":103,"column":4},"end":{"line":104,"column":null}},"type":"if","locations":[{"start":{"line":103,"column":4},"end":{"line":104,"column":null}},{"start":{},"end":{}}],"line":103},"20":{"loc":{"start":{"line":108,"column":4},"end":{"line":109,"column":null}},"type":"if","locations":[{"start":{"line":108,"column":4},"end":{"line":109,"column":null}},{"start":{},"end":{}}],"line":108},"21":{"loc":{"start":{"line":111,"column":4},"end":{"line":112,"column":null}},"type":"if","locations":[{"start":{"line":111,"column":4},"end":{"line":112,"column":null}},{"start":{},"end":{}}],"line":111},"22":{"loc":{"start":{"line":116,"column":4},"end":{"line":117,"column":null}},"type":"if","locations":[{"start":{"line":116,"column":4},"end":{"line":117,"column":null}},{"start":{},"end":{}}],"line":116},"23":{"loc":{"start":{"line":121,"column":4},"end":{"line":122,"column":null}},"type":"if","locations":[{"start":{"line":121,"column":4},"end":{"line":122,"column":null}},{"start":{},"end":{}}],"line":121},"24":{"loc":{"start":{"line":126,"column":4},"end":{"line":127,"column":null}},"type":"if","locations":[{"start":{"line":126,"column":4},"end":{"line":127,"column":null}},{"start":{},"end":{}}],"line":126},"25":{"loc":{"start":{"line":129,"column":4},"end":{"line":130,"column":null}},"type":"if","locations":[{"start":{"line":129,"column":4},"end":{"line":130,"column":null}},{"start":{},"end":{}}],"line":129}},"s":{"0":1,"1":55,"2":276,"3":5,"4":5,"5":5,"6":271,"7":5,"8":5,"9":266,"10":2,"11":264,"12":1,"13":263,"14":1,"15":262,"16":1,"17":261,"18":3,"19":258,"20":6,"21":252,"22":4,"23":248,"24":6,"25":242,"26":242,"27":15,"28":15,"29":15,"30":12,"31":3,"32":230,"33":3,"34":227,"35":1,"36":226,"37":0,"38":226,"39":1,"40":225,"41":0,"42":225,"43":1,"44":224,"45":2,"46":222,"47":2,"48":220,"49":2,"50":218,"51":5,"52":213,"53":2,"54":211,"55":2,"56":209,"57":209,"58":1,"59":55},"f":{"0":55,"1":276,"2":55},"b":{"0":[5,271],"1":[5,266],"2":[2,264],"3":[1,263],"4":[1,262],"5":[1,261],"6":[3,258],"7":[6,252],"8":[4,248],"9":[6,242],"10":[15,227],"11":[3,12],"12":[12,3],"13":[15,3],"14":[3,227],"15":[1,226],"16":[0,226],"17":[1,225],"18":[0,225],"19":[1,224],"20":[2,222],"21":[2,220],"22":[2,218],"23":[5,213],"24":[2,211],"25":[2,209]},"meta":{"lastBranch":26,"lastFunction":3,"lastStatement":60,"seen":{"s:5:60:137:Infinity":0,"f:6:2:6:15":0,"s:7:4:7:Infinity":1,"f:10:2:10:8":1,"b:12:4:15:Infinity:undefined:undefined:undefined:undefined":0,"s:12:4:15:Infinity":2,"s:13:6:13:Infinity":3,"s:14:6:14:Infinity":4,"s:15:6:15:Infinity":5,"b:19:4:21:Infinity:undefined:undefined:undefined:undefined":1,"s:19:4:21:Infinity":6,"s:20:6:20:Infinity":7,"s:21:6:21:Infinity":8,"b:25:4:26:Infinity:undefined:undefined:undefined:undefined":2,"s:25:4:26:Infinity":9,"s:26:6:26:Infinity":10,"b:28:4:29:Infinity:undefined:undefined:undefined:undefined":3,"s:28:4:29:Infinity":11,"s:29:6:29:Infinity":12,"b:31:4:32:Infinity:undefined:undefined:undefined:undefined":4,"s:31:4:32:Infinity":13,"s:32:6:32:Infinity":14,"b:36:4:37:Infinity:undefined:undefined:undefined:undefined":5,"s:36:4:37:Infinity":15,"s:37:6:37:Infinity":16,"b:44:4:45:Infinity:undefined:undefined:undefined:undefined":6,"s:44:4:45:Infinity":17,"s:45:6:45:Infinity":18,"b:49:4:50:Infinity:undefined:undefined:undefined:undefined":7,"s:49:4:50:Infinity":19,"s:50:6:50:Infinity":20,"b:54:4:55:Infinity:undefined:undefined:undefined:undefined":8,"s:54:4:55:Infinity":21,"s:55:6:55:Infinity":22,"b:59:4:60:Infinity:undefined:undefined:undefined:undefined":9,"s:59:4:60:Infinity":23,"s:60:6:60:Infinity":24,"s:64:25:64:Infinity":25,"b:65:4:73:Infinity:undefined:undefined:undefined:undefined":10,"s:65:4:73:Infinity":26,"s:67:22:67:Infinity":27,"s:68:23:68:Infinity":28,"b:68:38:68:67:68:70:68:Infinity":11,"b:69:6:73:Infinity:71:13:73:Infinity":12,"s:69:6:73:Infinity":29,"b:69:10:69:23:69:23:69:43":13,"s:70:8:70:Infinity":30,"s:73:8:73:Infinity":31,"b:78:4:79:Infinity:undefined:undefined:undefined:undefined":14,"s:78:4:79:Infinity":32,"s:79:6:79:Infinity":33,"b:83:4:84:Infinity:undefined:undefined:undefined:undefined":15,"s:83:4:84:Infinity":34,"s:84:6:84:Infinity":35,"b:88:4:89:Infinity:undefined:undefined:undefined:undefined":16,"s:88:4:89:Infinity":36,"s:89:6:89:Infinity":37,"b:93:4:94:Infinity:undefined:undefined:undefined:undefined":17,"s:93:4:94:Infinity":38,"s:94:6:94:Infinity":39,"b:98:4:99:Infinity:undefined:undefined:undefined:undefined":18,"s:98:4:99:Infinity":40,"s:99:6:99:Infinity":41,"b:103:4:104:Infinity:undefined:undefined:undefined:undefined":19,"s:103:4:104:Infinity":42,"s:104:6:104:Infinity":43,"b:108:4:109:Infinity:undefined:undefined:undefined:undefined":20,"s:108:4:109:Infinity":44,"s:109:6:109:Infinity":45,"b:111:4:112:Infinity:undefined:undefined:undefined:undefined":21,"s:111:4:112:Infinity":46,"s:112:6:112:Infinity":47,"b:116:4:117:Infinity:undefined:undefined:undefined:undefined":22,"s:116:4:117:Infinity":48,"s:117:6:117:Infinity":49,"b:121:4:122:Infinity:undefined:undefined:undefined:undefined":23,"s:121:4:122:Infinity":50,"s:122:6:122:Infinity":51,"b:126:4:127:Infinity:undefined:undefined:undefined:undefined":24,"s:126:4:127:Infinity":52,"s:127:6:127:Infinity":53,"b:129:4:130:Infinity:undefined:undefined:undefined:undefined":25,"s:129:4:130:Infinity":54,"s:130:6:130:Infinity":55,"s:134:4:134:Infinity":56,"s:135:4:135:Infinity":57,"s:139:13:139:57":58,"f:139:13:139:25":2,"s:139:25:139:57":59}}}
,"/Users/dancox/Projects/online-ink-editor/src/utils/inkUtils.ts": {"path":"/Users/dancox/Projects/online-ink-editor/src/utils/inkUtils.ts","statementMap":{"0":{"start":{"line":4,"column":16},"end":{"line":4,"column":35}},"1":{"start":{"line":5,"column":16},"end":{"line":5,"column":62}},"2":{"start":{"line":5,"column":49},"end":{"line":5,"column":62}},"3":{"start":{"line":6,"column":26},"end":{"line":6,"column":28}},"4":{"start":{"line":7,"column":29},"end":{"line":7,"column":31}},"5":{"start":{"line":8,"column":30},"end":{"line":8,"column":32}},"6":{"start":{"line":10,"column":2},"end":{"line":30,"column":null}},"7":{"start":{"line":11,"column":20},"end":{"line":11,"column":31}},"8":{"start":{"line":14,"column":22},"end":{"line":14,"column":59}},"9":{"start":{"line":15,"column":4},"end":{"line":17,"column":null}},"10":{"start":{"line":16,"column":6},"end":{"line":16,"column":null}},"11":{"start":{"line":17,"column":6},"end":{"line":17,"column":null}},"12":{"start":{"line":21,"column":24},"end":{"line":21,"column":51}},"13":{"start":{"line":22,"column":4},"end":{"line":24,"column":null}},"14":{"start":{"line":23,"column":6},"end":{"line":23,"column":null}},"15":{"start":{"line":24,"column":6},"end":{"line":24,"column":null}},"16":{"start":{"line":28,"column":21},"end":{"line":28,"column":50}},"17":{"start":{"line":29,"column":4},"end":{"line":30,"column":null}},"18":{"start":{"line":30,"column":6},"end":{"line":30,"column":null}},"19":{"start":{"line":34,"column":2},"end":{"line":39,"column":null}},"20":{"start":{"line":43,"column":2},"end":{"line":43,"column":null}},"21":{"start":{"line":44,"column":2},"end":{"line":44,"column":null}},"22":{"start":{"line":48,"column":2},"end":{"line":48,"column":null}},"23":{"start":{"line":52,"column":15},"end":{"line":55,"column":null}},"24":{"start":{"line":57,"column":15},"end":{"line":57,"column":86}},"25":{"start":{"line":58,"column":14},"end":{"line":58,"column":39}},"26":{"start":{"line":59,"column":12},"end":{"line":59,"column":39}},"27":{"start":{"line":60,"column":2},"end":{"line":60,"column":null}},"28":{"start":{"line":61,"column":2},"end":{"line":61,"column":null}},"29":{"start":{"line":62,"column":2},"end":{"line":62,"column":null}},"30":{"start":{"line":63,"column":2},"end":{"line":63,"column":null}},"31":{"start":{"line":64,"column":2},"end":{"line":64,"column":null}},"32":{"start":{"line":65,"column":2},"end":{"line":65,"column":null}}},"fnMap":{"0":{"name":"analyzeInkStory","decl":{"start":{"line":3,"column":16},"end":{"line":3,"column":32}},"loc":{"start":{"line":3,"column":61},"end":{"line":39,"column":null}},"line":3},"1":{"name":"(anonymous_1)","decl":{"start":{"line":5,"column":37},"end":{"line":5,"column":44}},"loc":{"start":{"line":5,"column":49},"end":{"line":5,"column":62}},"line":5},"2":{"name":"saveToLocalStorage","decl":{"start":{"line":42,"column":16},"end":{"line":42,"column":35}},"loc":{"start":{"line":42,"column":58},"end":{"line":44,"column":null}},"line":42},"3":{"name":"loadFromLocalStorage","decl":{"start":{"line":47,"column":16},"end":{"line":47,"column":54}},"loc":{"start":{"line":47,"column":54},"end":{"line":48,"column":null}},"line":47},"4":{"name":"exportAsJSON","decl":{"start":{"line":51,"column":16},"end":{"line":51,"column":29}},"loc":{"start":{"line":51,"column":52},"end":{"line":65,"column":null}},"line":51}},"branchMap":{"0":{"loc":{"start":{"line":15,"column":4},"end":{"line":17,"column":null}},"type":"if","locations":[{"start":{"line":15,"column":4},"end":{"line":17,"column":null}},{"start":{},"end":{}}],"line":15},"1":{"loc":{"start":{"line":22,"column":4},"end":{"line":24,"column":null}},"type":"if","locations":[{"start":{"line":22,"column":4},"end":{"line":24,"column":null}},{"start":{},"end":{}}],"line":22},"2":{"loc":{"start":{"line":22,"column":8},"end":{"line":22,"column":48}},"type":"binary-expr","locations":[{"start":{"line":22,"column":8},"end":{"line":22,"column":23}},{"start":{"line":22,"column":23},"end":{"line":22,"column":48}}],"line":22},"3":{"loc":{"start":{"line":29,"column":4},"end":{"line":30,"column":null}},"type":"if","locations":[{"start":{"line":29,"column":4},"end":{"line":30,"column":null}},{"start":{},"end":{}}],"line":29}},"s":{"0":14,"1":14,"2":155,"3":14,"4":14,"5":14,"6":14,"7":57,"8":57,"9":57,"10":12,"11":12,"12":45,"13":45,"14":6,"15":6,"16":39,"17":39,"18":6,"19":14,"20":3,"21":3,"22":3,"23":2,"24":2,"25":2,"26":2,"27":2,"28":2,"29":2,"30":2,"31":2,"32":2},"f":{"0":14,"1":155,"2":3,"3":3,"4":2},"b":{"0":[12,45],"1":[6,39],"2":[45,6],"3":[6,33]},"meta":{"lastBranch":4,"lastFunction":5,"lastStatement":33,"seen":{"f:3:16:3:32":0,"s:4:16:4:35":0,"s:5:16:5:62":1,"f:5:37:5:44":1,"s:5:49:5:62":2,"s:6:26:6:28":3,"s:7:29:7:31":4,"s:8:30:8:32":5,"s:10:2:30:Infinity":6,"s:11:20:11:31":7,"s:14:22:14:59":8,"b:15:4:17:Infinity:undefined:undefined:undefined:undefined":0,"s:15:4:17:Infinity":9,"s:16:6:16:Infinity":10,"s:17:6:17:Infinity":11,"s:21:24:21:51":12,"b:22:4:24:Infinity:undefined:undefined:undefined:undefined":1,"s:22:4:24:Infinity":13,"b:22:8:22:23:22:23:22:48":2,"s:23:6:23:Infinity":14,"s:24:6:24:Infinity":15,"s:28:21:28:50":16,"b:29:4:30:Infinity:undefined:undefined:undefined:undefined":3,"s:29:4:30:Infinity":17,"s:30:6:30:Infinity":18,"s:34:2:39:Infinity":19,"f:42:16:42:35":2,"s:43:2:43:Infinity":20,"s:44:2:44:Infinity":21,"f:47:16:47:54":3,"s:48:2:48:Infinity":22,"f:51:16:51:29":4,"s:52:15:55:Infinity":23,"s:57:15:57:86":24,"s:58:14:58:39":25,"s:59:12:59:39":26,"s:60:2:60:Infinity":27,"s:61:2:61:Infinity":28,"s:62:2:62:Infinity":29,"s:63:2:63:Infinity":30,"s:64:2:64:Infinity":31,"s:65:2:65:Infinity":32}}}
}
