{"/Users/dancox/Projects/online-ink-editor/src/components/MenuBar.css": {"path":"/Users/dancox/Projects/online-ink-editor/src/components/MenuBar.css","statementMap":{},"fnMap":{},"branchMap":{},"s":{},"f":{},"b":{},"meta":{"lastBranch":0,"lastFunction":0,"lastStatement":0,"seen":{}}}
,"/Users/dancox/Projects/online-ink-editor/src/components/MenuBar.tsx": {"path":"/Users/dancox/Projects/online-ink-editor/src/components/MenuBar.tsx","statementMap":{"0":{"start":{"line":34,"column":19},"end":{"line":39,"column":4}},"1":{"start":{"line":40,"column":8},"end":{"line":40,"column":46}},"2":{"start":{"line":43,"column":4},"end":{"line":48,"column":null}},"3":{"start":{"line":52,"column":4},"end":{"line":52,"column":null}},"4":{"start":{"line":56,"column":4},"end":{"line":56,"column":null}},"5":{"start":{"line":57,"column":4},"end":{"line":57,"column":null}},"6":{"start":{"line":60,"column":2},"end":{"line":69,"column":null}},"7":{"start":{"line":63,"column":8},"end":{"line":63,"column":null}},"8":{"start":{"line":67,"column":4},"end":{"line":67,"column":null}},"9":{"start":{"line":68,"column":4},"end":{"line":68,"column":null}},"10":{"start":{"line":68,"column":17},"end":{"line":68,"column":78}},"11":{"start":{"line":71,"column":2},"end":{"line":121,"column":null}},"12":{"start":{"line":74,"column":31},"end":{"line":74,"column":49}},"13":{"start":{"line":79,"column":35},"end":{"line":79,"column":54}},"14":{"start":{"line":80,"column":35},"end":{"line":80,"column":55}},"15":{"start":{"line":81,"column":35},"end":{"line":81,"column":60}},"16":{"start":{"line":82,"column":35},"end":{"line":82,"column":57}},"17":{"start":{"line":88,"column":31},"end":{"line":88,"column":49}},"18":{"start":{"line":93,"column":35},"end":{"line":93,"column":55}},"19":{"start":{"line":94,"column":35},"end":{"line":94,"column":56}},"20":{"start":{"line":100,"column":31},"end":{"line":100,"column":50}},"21":{"start":{"line":105,"column":35},"end":{"line":105,"column":60}},"22":{"start":{"line":111,"column":31},"end":{"line":111,"column":49}},"23":{"start":{"line":116,"column":35},"end":{"line":116,"column":57}},"24":{"start":{"line":117,"column":35},"end":{"line":117,"column":58}}},"fnMap":{"0":{"name":"(anonymous_0)","decl":{"start":{"line":60,"column":8},"end":{"line":60,"column":24}},"loc":{"start":{"line":60,"column":24},"end":{"line":69,"column":7}},"line":60},"1":{"name":"(anonymous_1)","decl":{"start":{"line":68,"column":4},"end":{"line":68,"column":17}},"loc":{"start":{"line":68,"column":17},"end":{"line":68,"column":78}},"line":68},"2":{"name":"(anonymous_2)","decl":{"start":{"line":74,"column":16},"end":{"line":74,"column":31}},"loc":{"start":{"line":74,"column":31},"end":{"line":74,"column":49}},"line":74},"3":{"name":"(anonymous_3)","decl":{"start":{"line":79,"column":20},"end":{"line":79,"column":35}},"loc":{"start":{"line":79,"column":35},"end":{"line":79,"column":54}},"line":79},"4":{"name":"(anonymous_4)","decl":{"start":{"line":80,"column":20},"end":{"line":80,"column":35}},"loc":{"start":{"line":80,"column":35},"end":{"line":80,"column":55}},"line":80},"5":{"name":"(anonymous_5)","decl":{"start":{"line":81,"column":20},"end":{"line":81,"column":35}},"loc":{"start":{"line":81,"column":35},"end":{"line":81,"column":60}},"line":81},"6":{"name":"(anonymous_6)","decl":{"start":{"line":82,"column":20},"end":{"line":82,"column":35}},"loc":{"start":{"line":82,"column":35},"end":{"line":82,"column":57}},"line":82},"7":{"name":"(anonymous_7)","decl":{"start":{"line":88,"column":16},"end":{"line":88,"column":31}},"loc":{"start":{"line":88,"column":31},"end":{"line":88,"column":49}},"line":88},"8":{"name":"(anonymous_8)","decl":{"start":{"line":93,"column":20},"end":{"line":93,"column":35}},"loc":{"start":{"line":93,"column":35},"end":{"line":93,"column":55}},"line":93},"9":{"name":"(anonymous_9)","decl":{"start":{"line":94,"column":20},"end":{"line":94,"column":35}},"loc":{"start":{"line":94,"column":35},"end":{"line":94,"column":56}},"line":94},"10":{"name":"(anonymous_10)","decl":{"start":{"line":100,"column":16},"end":{"line":100,"column":31}},"loc":{"start":{"line":100,"column":31},"end":{"line":100,"column":50}},"line":100},"11":{"name":"(anonymous_11)","decl":{"start":{"line":105,"column":20},"end":{"line":105,"column":35}},"loc":{"start":{"line":105,"column":35},"end":{"line":105,"column":60}},"line":105},"12":{"name":"(anonymous_12)","decl":{"start":{"line":111,"column":16},"end":{"line":111,"column":31}},"loc":{"start":{"line":111,"column":31},"end":{"line":111,"column":49}},"line":111},"13":{"name":"(anonymous_13)","decl":{"start":{"line":116,"column":20},"end":{"line":116,"column":35}},"loc":{"start":{"line":116,"column":35},"end":{"line":116,"column":57}},"line":116},"14":{"name":"(anonymous_14)","decl":{"start":{"line":117,"column":20},"end":{"line":117,"column":35}},"loc":{"start":{"line":117,"column":35},"end":{"line":117,"column":58}},"line":117}},"branchMap":{"0":{"loc":{"start":{"line":44,"column":12},"end":{"line":44,"column":null}},"type":"cond-expr","locations":[{"start":{"line":44,"column":30},"end":{"line":44,"column":47}},{"start":{"line":44,"column":47},"end":{"line":44,"column":null}}],"line":44},"1":{"loc":{"start":{"line":45,"column":12},"end":{"line":45,"column":null}},"type":"cond-expr","locations":[{"start":{"line":45,"column":30},"end":{"line":45,"column":47}},{"start":{"line":45,"column":47},"end":{"line":45,"column":null}}],"line":45},"2":{"loc":{"start":{"line":46,"column":13},"end":{"line":46,"column":null}},"type":"cond-expr","locations":[{"start":{"line":46,"column":32},"end":{"line":46,"column":50}},{"start":{"line":46,"column":50},"end":{"line":46,"column":null}}],"line":46},"3":{"loc":{"start":{"line":47,"column":12},"end":{"line":47,"column":null}},"type":"cond-expr","locations":[{"start":{"line":47,"column":30},"end":{"line":47,"column":47}},{"start":{"line":47,"column":47},"end":{"line":47,"column":null}}],"line":47},"4":{"loc":{"start":{"line":62,"column":10},"end":{"line":62,"column":76}},"type":"binary-expr","locations":[{"start":{"line":62,"column":10},"end":{"line":62,"column":29}},{"start":{"line":62,"column":29},"end":{"line":62,"column":76}}],"line":62},"5":{"loc":{"start":{"line":77,"column":9},"end":{"line":83,"column":null}},"type":"binary-expr","locations":[{"start":{"line":77,"column":9},"end":{"line":77,"column":null}},{"start":{"line":78,"column":10},"end":{"line":83,"column":null}}],"line":77},"6":{"loc":{"start":{"line":91,"column":9},"end":{"line":95,"column":null}},"type":"binary-expr","locations":[{"start":{"line":91,"column":9},"end":{"line":91,"column":null}},{"start":{"line":92,"column":10},"end":{"line":95,"column":null}}],"line":91},"7":{"loc":{"start":{"line":103,"column":9},"end":{"line":106,"column":null}},"type":"binary-expr","locations":[{"start":{"line":103,"column":9},"end":{"line":103,"column":null}},{"start":{"line":104,"column":10},"end":{"line":106,"column":null}}],"line":103},"8":{"loc":{"start":{"line":114,"column":9},"end":{"line":118,"column":null}},"type":"binary-expr","locations":[{"start":{"line":114,"column":9},"end":{"line":114,"column":null}},{"start":{"line":115,"column":10},"end":{"line":118,"column":null}}],"line":114}},"s":{"0":46,"1":46,"2":18,"3":10,"4":10,"5":10,"6":46,"7":0,"8":18,"9":18,"10":18,"11":46,"12":9,"13":1,"14":2,"15":1,"16":1,"17":4,"18":1,"19":1,"20":2,"21":1,"22":3,"23":1,"24":1},"f":{"0":18,"1":18,"2":9,"3":1,"4":2,"5":1,"6":1,"7":4,"8":1,"9":1,"10":2,"11":1,"12":3,"13":1,"14":1},"b":{"0":[9,9],"1":[4,14],"2":[2,16],"3":[3,15],"4":[28,28],"5":[46,8],"6":[46,4],"7":[46,2],"8":[46,3]},"meta":{"lastBranch":9,"lastFunction":15,"lastStatement":25,"seen":{"s:34:19:39:4":0,"s:40:8:40:46":1,"s:43:4:48:Infinity":2,"b:44:30:44:47:44:47:44:Infinity":0,"b:45:30:45:47:45:47:45:Infinity":1,"b:46:32:46:50:46:50:46:Infinity":2,"b:47:30:47:47:47:47:47:Infinity":3,"s:52:4:52:Infinity":3,"s:56:4:56:Infinity":4,"s:57:4:57:Infinity":5,"s:60:2:69:Infinity":6,"f:60:8:60:24":0,"b:62:10:62:29:62:29:62:76":4,"s:63:8:63:Infinity":7,"s:67:4:67:Infinity":8,"s:68:4:68:Infinity":9,"f:68:4:68:17":1,"s:68:17:68:78":10,"s:71:2:121:Infinity":11,"f:74:16:74:31":2,"s:74:31:74:49":12,"b:77:9:77:Infinity:78:10:83:Infinity":5,"f:79:20:79:35":3,"s:79:35:79:54":13,"f:80:20:80:35":4,"s:80:35:80:55":14,"f:81:20:81:35":5,"s:81:35:81:60":15,"f:82:20:82:35":6,"s:82:35:82:57":16,"f:88:16:88:31":7,"s:88:31:88:49":17,"b:91:9:91:Infinity:92:10:95:Infinity":6,"f:93:20:93:35":8,"s:93:35:93:55":18,"f:94:20:94:35":9,"s:94:35:94:56":19,"f:100:16:100:31":10,"s:100:31:100:50":20,"b:103:9:103:Infinity:104:10:106:Infinity":7,"f:105:20:105:35":11,"s:105:35:105:60":21,"f:111:16:111:31":12,"s:111:31:111:49":22,"b:114:9:114:Infinity:115:10:118:Infinity":8,"f:116:20:116:35":13,"s:116:35:116:57":23,"f:117:20:117:35":14,"s:117:35:117:58":24}}}
,"/Users/dancox/Projects/online-ink-editor/src/components/StatsModal.css": {"path":"/Users/dancox/Projects/online-ink-editor/src/components/StatsModal.css","statementMap":{},"fnMap":{},"branchMap":{},"s":{},"f":{},"b":{},"meta":{"lastBranch":0,"lastFunction":0,"lastStatement":0,"seen":{}}}
,"/Users/dancox/Projects/online-ink-editor/src/components/StatsModal.tsx": {"path":"/Users/dancox/Projects/online-ink-editor/src/components/StatsModal.tsx","statementMap":{"0":{"start":{"line":12,"column":2},"end":{"line":73,"column":null}},"1":{"start":{"line":14,"column":53},"end":{"line":14,"column":72}},"2":{"start":{"line":32,"column":18},"end":{"line":32,"column":null}},"3":{"start":{"line":41,"column":18},"end":{"line":41,"column":null}},"4":{"start":{"line":53,"column":18},"end":{"line":53,"column":null}},"5":{"start":{"line":63,"column":20},"end":{"line":65,"column":null}}},"fnMap":{"0":{"name":"(anonymous_0)","decl":{"start":{"line":14,"column":37},"end":{"line":14,"column":47}},"loc":{"start":{"line":14,"column":53},"end":{"line":14,"column":72}},"line":14},"1":{"name":"(anonymous_1)","decl":{"start":{"line":31,"column":29},"end":{"line":31,"column":34}},"loc":{"start":{"line":32,"column":18},"end":{"line":32,"column":null}},"line":32},"2":{"name":"(anonymous_2)","decl":{"start":{"line":40,"column":32},"end":{"line":40,"column":37}},"loc":{"start":{"line":41,"column":18},"end":{"line":41,"column":null}},"line":41},"3":{"name":"(anonymous_3)","decl":{"start":{"line":52,"column":33},"end":{"line":52,"column":38}},"loc":{"start":{"line":53,"column":18},"end":{"line":53,"column":null}},"line":53},"4":{"name":"(anonymous_4)","decl":{"start":{"line":62,"column":45},"end":{"line":62,"column":50}},"loc":{"start":{"line":63,"column":20},"end":{"line":65,"column":null}},"line":63}},"branchMap":{"0":{"loc":{"start":{"line":29,"column":13},"end":{"line":34,"column":null}},"type":"binary-expr","locations":[{"start":{"line":29,"column":13},"end":{"line":29,"column":null}},{"start":{"line":30,"column":14},"end":{"line":34,"column":null}}],"line":29},"1":{"loc":{"start":{"line":50,"column":13},"end":{"line":55,"column":null}},"type":"binary-expr","locations":[{"start":{"line":50,"column":13},"end":{"line":50,"column":null}},{"start":{"line":51,"column":14},"end":{"line":55,"column":null}}],"line":50},"2":{"loc":{"start":{"line":58,"column":13},"end":{"line":67,"column":null}},"type":"binary-expr","locations":[{"start":{"line":58,"column":13},"end":{"line":58,"column":null}},{"start":{"line":59,"column":14},"end":{"line":67,"column":null}}],"line":58}},"s":{"0":9,"1":1,"2":28,"3":43,"4":33,"5":18},"f":{"0":1,"1":28,"2":43,"3":33,"4":18},"b":{"0":[9,7],"1":[9,7],"2":[9,6]},"meta":{"lastBranch":3,"lastFunction":5,"lastStatement":6,"seen":{"s:12:2:73:Infinity":0,"f:14:37:14:47":0,"s:14:53:14:72":1,"b:29:13:29:Infinity:30:14:34:Infinity":0,"f:31:29:31:34":1,"s:32:18:32:Infinity":2,"f:40:32:40:37":2,"s:41:18:41:Infinity":3,"b:50:13:50:Infinity:51:14:55:Infinity":1,"f:52:33:52:38":3,"s:53:18:53:Infinity":4,"b:58:13:58:Infinity:59:14:67:Infinity":2,"f:62:45:62:50":4,"s:63:20:65:Infinity":5}}}
,"/Users/dancox/Projects/online-ink-editor/src/components/StoryPane.css": {"path":"/Users/dancox/Projects/online-ink-editor/src/components/StoryPane.css","statementMap":{},"fnMap":{},"branchMap":{},"s":{},"f":{},"b":{},"meta":{"lastBranch":0,"lastFunction":0,"lastStatement":0,"seen":{}}}
,"/Users/dancox/Projects/online-ink-editor/src/components/StoryPane.tsx": {"path":"/Users/dancox/Projects/online-ink-editor/src/components/StoryPane.tsx","statementMap":{"0":{"start":{"line":22,"column":2},"end":{"line":70,"column":null}},"1":{"start":{"line":39,"column":12},"end":{"line":41,"column":null}},"2":{"start":{"line":48,"column":14},"end":{"line":54,"column":null}},"3":{"start":{"line":50,"column":31},"end":{"line":50,"column":53}},"4":{"start":{"line":64,"column":12},"end":{"line":66,"column":null}}},"fnMap":{"0":{"name":"(anonymous_0)","decl":{"start":{"line":38,"column":18},"end":{"line":38,"column":23}},"loc":{"start":{"line":39,"column":12},"end":{"line":41,"column":null}},"line":39},"1":{"name":"(anonymous_1)","decl":{"start":{"line":47,"column":21},"end":{"line":47,"column":26}},"loc":{"start":{"line":48,"column":14},"end":{"line":54,"column":null}},"line":48},"2":{"name":"(anonymous_2)","decl":{"start":{"line":50,"column":16},"end":{"line":50,"column":31}},"loc":{"start":{"line":50,"column":31},"end":{"line":50,"column":53}},"line":50},"3":{"name":"(anonymous_3)","decl":{"start":{"line":63,"column":18},"end":{"line":63,"column":23}},"loc":{"start":{"line":64,"column":12},"end":{"line":66,"column":null}},"line":64}},"branchMap":{"0":{"loc":{"start":{"line":33,"column":11},"end":{"line":36,"column":null}},"type":"binary-expr","locations":[{"start":{"line":33,"column":11},"end":{"line":33,"column":25}},{"start":{"line":33,"column":25},"end":{"line":33,"column":null}},{"start":{"line":34,"column":12},"end":{"line":36,"column":null}}],"line":33},"1":{"loc":{"start":{"line":45,"column":9},"end":{"line":56,"column":null}},"type":"binary-expr","locations":[{"start":{"line":45,"column":9},"end":{"line":45,"column":null}},{"start":{"line":46,"column":10},"end":{"line":56,"column":null}}],"line":45}},"s":{"0":10,"1":9,"2":4,"3":1,"4":2},"f":{"0":9,"1":4,"2":1,"3":2},"b":{"0":[10,3,3],"1":[10,2]},"meta":{"lastBranch":2,"lastFunction":4,"lastStatement":5,"seen":{"s:22:2:70:Infinity":0,"b:33:11:33:25:33:25:33:Infinity:34:12:36:Infinity":0,"f:38:18:38:23":0,"s:39:12:41:Infinity":1,"b:45:9:45:Infinity:46:10:56:Infinity":1,"f:47:21:47:26":1,"s:48:14:54:Infinity":2,"f:50:16:50:31":2,"s:50:31:50:53":3,"f:63:18:63:23":3,"s:64:12:66:Infinity":4}}}
,"/Users/dancox/Projects/online-ink-editor/src/utils/inkUtils.ts": {"path":"/Users/dancox/Projects/online-ink-editor/src/utils/inkUtils.ts","statementMap":{"0":{"start":{"line":4,"column":16},"end":{"line":4,"column":35}},"1":{"start":{"line":5,"column":16},"end":{"line":5,"column":62}},"2":{"start":{"line":5,"column":49},"end":{"line":5,"column":62}},"3":{"start":{"line":6,"column":26},"end":{"line":6,"column":28}},"4":{"start":{"line":7,"column":29},"end":{"line":7,"column":31}},"5":{"start":{"line":8,"column":30},"end":{"line":8,"column":32}},"6":{"start":{"line":11,"column":20},"end":{"line":11,"column":31}},"7":{"start":{"line":14,"column":22},"end":{"line":14,"column":59}},"8":{"start":{"line":16,"column":6},"end":{"line":16,"column":null}},"9":{"start":{"line":17,"column":6},"end":{"line":17,"column":null}},"10":{"start":{"line":21,"column":24},"end":{"line":21,"column":51}},"11":{"start":{"line":23,"column":6},"end":{"line":23,"column":null}},"12":{"start":{"line":24,"column":6},"end":{"line":24,"column":null}},"13":{"start":{"line":28,"column":21},"end":{"line":28,"column":50}},"14":{"start":{"line":30,"column":6},"end":{"line":30,"column":null}},"15":{"start":{"line":34,"column":2},"end":{"line":39,"column":null}},"16":{"start":{"line":43,"column":2},"end":{"line":43,"column":null}},"17":{"start":{"line":44,"column":2},"end":{"line":44,"column":null}},"18":{"start":{"line":48,"column":2},"end":{"line":48,"column":null}},"19":{"start":{"line":52,"column":15},"end":{"line":55,"column":null}},"20":{"start":{"line":57,"column":15},"end":{"line":57,"column":86}},"21":{"start":{"line":58,"column":14},"end":{"line":58,"column":39}},"22":{"start":{"line":59,"column":12},"end":{"line":59,"column":39}},"23":{"start":{"line":60,"column":2},"end":{"line":60,"column":null}},"24":{"start":{"line":61,"column":2},"end":{"line":61,"column":null}},"25":{"start":{"line":62,"column":2},"end":{"line":62,"column":null}},"26":{"start":{"line":63,"column":2},"end":{"line":63,"column":null}},"27":{"start":{"line":64,"column":2},"end":{"line":64,"column":null}},"28":{"start":{"line":65,"column":2},"end":{"line":65,"column":null}}},"fnMap":{"0":{"name":"(anonymous_0)","decl":{"start":{"line":5,"column":37},"end":{"line":5,"column":44}},"loc":{"start":{"line":5,"column":49},"end":{"line":5,"column":62}},"line":5}},"branchMap":{"0":{"loc":{"start":{"line":22,"column":8},"end":{"line":22,"column":48}},"type":"binary-expr","locations":[{"start":{"line":22,"column":8},"end":{"line":22,"column":23}},{"start":{"line":22,"column":23},"end":{"line":22,"column":48}}],"line":22}},"s":{"0":14,"1":14,"2":155,"3":14,"4":14,"5":14,"6":57,"7":57,"8":12,"9":12,"10":45,"11":6,"12":6,"13":39,"14":6,"15":14,"16":3,"17":3,"18":3,"19":2,"20":2,"21":2,"22":2,"23":2,"24":2,"25":2,"26":2,"27":2,"28":2},"f":{"0":155},"b":{"0":[45,6]},"meta":{"lastBranch":1,"lastFunction":1,"lastStatement":29,"seen":{"s:4:16:4:35":0,"s:5:16:5:62":1,"f:5:37:5:44":0,"s:5:49:5:62":2,"s:6:26:6:28":3,"s:7:29:7:31":4,"s:8:30:8:32":5,"s:11:20:11:31":6,"s:14:22:14:59":7,"s:16:6:16:Infinity":8,"s:17:6:17:Infinity":9,"s:21:24:21:51":10,"b:22:8:22:23:22:23:22:48":0,"s:23:6:23:Infinity":11,"s:24:6:24:Infinity":12,"s:28:21:28:50":13,"s:30:6:30:Infinity":14,"s:34:2:39:Infinity":15,"s:43:2:43:Infinity":16,"s:44:2:44:Infinity":17,"s:48:2:48:Infinity":18,"s:52:15:55:Infinity":19,"s:57:15:57:86":20,"s:58:14:58:39":21,"s:59:12:59:39":22,"s:60:2:60:Infinity":23,"s:61:2:61:Infinity":24,"s:62:2:62:Infinity":25,"s:63:2:63:Infinity":26,"s:64:2:64:Infinity":27,"s:65:2:65:Infinity":28}}}
}
